  BlackOpps.cpp
c1xx : fatal error C1083: Cannot open source file: '..\Characters\Soldiers\BlackOpps.cpp': No such file or directory
  BlackOppsLoco.cpp
c1xx : fatal error C1083: Cannot open source file: '..\Characters\Soldiers\BlackOppsLoco.cpp': No such file or directory
  BlackOpps_Attack_State.cpp
c1xx : fatal error C1083: Cannot open source file: '..\Characters\Soldiers\BlackOpps_Attack_State.cpp': No such file or directory
  Hazmat.cpp
c1xx : fatal error C1083: Cannot open source file: '..\Characters\Soldiers\Hazmat.cpp': No such file or directory
  HazmatLoco.cpp
c1xx : fatal error C1083: Cannot open source file: '..\Characters\Soldiers\HazmatLoco.cpp': No such file or directory
  debris_glass.cpp
c1xx : fatal error C1083: Cannot open source file: '..\Debris\debris_glass.cpp': No such file or directory
  dlg_MainOptions.cpp
c1xx : fatal error C1083: Cannot open source file: '..\Dialogs\dlg_MainOptions.cpp': No such file or directory
  dlg_OnlineConnect.cpp
c:\projects\old\a51\support\dialogs\dlg_onlineconnect.cpp(182): error C2065: 'm_DNASIconID': undeclared identifier
c:\projects\old\a51\support\dialogs\dlg_onlineconnect.cpp(183): error C2065: 'm_DNASIconID': undeclared identifier
c:\projects\old\a51\support\dialogs\dlg_onlineconnect.cpp(186): error C2065: 'm_bRenderLogo': undeclared identifier
c:\projects\old\a51\support\dialogs\dlg_onlineconnect.cpp(187): error C2065: 'm_bIsFading': undeclared identifier
c:\projects\old\a51\support\dialogs\dlg_onlineconnect.cpp(188): error C2065: 'm_bFadeIn': undeclared identifier
c:\projects\old\a51\support\dialogs\dlg_onlineconnect.cpp(189): error C2065: 'm_LogoAlpha': undeclared identifier
c:\projects\old\a51\support\dialogs\dlg_onlineconnect.cpp(191): error C2065: 'm_bRenderLogo': undeclared identifier
c:\projects\old\a51\support\dialogs\dlg_onlineconnect.cpp(192): error C2065: 'm_bIsFading': undeclared identifier
c:\projects\old\a51\support\dialogs\dlg_onlineconnect.cpp(193): error C2065: 'm_bFadeIn': undeclared identifier
c:\projects\old\a51\support\dialogs\dlg_onlineconnect.cpp(194): error C2065: 'm_LogoAlpha': undeclared identifier
c:\projects\old\a51\support\dialogs\dlg_onlineconnect.cpp(317): error C2065: 'm_bRenderLogo': undeclared identifier
c:\projects\old\a51\support\dialogs\dlg_onlineconnect.cpp(319): error C2065: 'm_LogoAlpha': undeclared identifier
c:\projects\old\a51\support\dialogs\dlg_onlineconnect.cpp(320): error C2065: 'm_DNASIconID': undeclared identifier
c:\projects\old\a51\support\dialogs\dlg_onlineconnect.cpp(321): error C2065: 'm_LogoAlpha': undeclared identifier
c:\projects\old\a51\support\dialogs\dlg_onlineconnect.cpp(614): error C2065: 'm_bIsFading': undeclared identifier
c:\projects\old\a51\support\dialogs\dlg_onlineconnect.cpp(616): error C2065: 'm_bFadeIn': undeclared identifier
c:\projects\old\a51\support\dialogs\dlg_onlineconnect.cpp(619): error C2065: 'm_LogoAlpha': undeclared identifier
c:\projects\old\a51\support\dialogs\dlg_onlineconnect.cpp(619): error C2065: 'm_FadeStep': undeclared identifier
c:\projects\old\a51\support\dialogs\dlg_onlineconnect.cpp(621): error C2065: 'm_LogoAlpha': undeclared identifier
c:\projects\old\a51\support\dialogs\dlg_onlineconnect.cpp(623): error C2065: 'm_LogoAlpha': undeclared identifier
c:\projects\old\a51\support\dialogs\dlg_onlineconnect.cpp(628): error C2065: 'm_bIsFading': undeclared identifier
c:\projects\old\a51\support\dialogs\dlg_onlineconnect.cpp(629): error C2065: 'm_bFadeIn': undeclared identifier
c:\projects\old\a51\support\dialogs\dlg_onlineconnect.cpp(630): error C2065: 'm_LogoAlpha': undeclared identifier
c:\projects\old\a51\support\dialogs\dlg_onlineconnect.cpp(631): error C2065: 'm_FadeStep': undeclared identifier
c:\projects\old\a51\support\dialogs\dlg_onlineconnect.cpp(633): error C2065: 'm_bIsFading': undeclared identifier
c:\projects\old\a51\support\dialogs\dlg_onlineconnect.cpp(634): error C2065: 'm_bFadeIn': undeclared identifier
c:\projects\old\a51\support\dialogs\dlg_onlineconnect.cpp(635): error C2065: 'm_LogoAlpha': undeclared identifier
c:\projects\old\a51\support\dialogs\dlg_onlineconnect.cpp(636): error C2065: 'm_FadeStep': undeclared identifier
c:\projects\old\a51\support\dialogs\dlg_onlineconnect.cpp(640): error C2065: 'm_bIsFading': undeclared identifier
c:\projects\old\a51\support\dialogs\dlg_onlineconnect.cpp(647): error C2065: 'm_LogoAlpha': undeclared identifier
c:\projects\old\a51\support\dialogs\dlg_onlineconnect.cpp(647): error C2065: 'm_FadeStep': undeclared identifier
c:\projects\old\a51\support\dialogs\dlg_onlineconnect.cpp(649): error C2065: 'm_LogoAlpha': undeclared identifier
c:\projects\old\a51\support\dialogs\dlg_onlineconnect.cpp(651): error C2065: 'm_LogoAlpha': undeclared identifier
c:\projects\old\a51\support\dialogs\dlg_onlineconnect.cpp(652): error C2065: 'm_bIsFading': undeclared identifier
c:\projects\old\a51\support\dialogs\dlg_onlineconnect.cpp(653): error C2065: 'm_bRenderLogo': undeclared identifier
c:\projects\old\a51\support\dialogs\dlg_onlineconnect.cpp(669): error C2065: 'm_bIsFading': undeclared identifier
c:\projects\old\a51\support\dialogs\dlg_onlineconnect.cpp(878): error C2065: 'm_bRenderLogo': undeclared identifier
c:\projects\old\a51\support\dialogs\dlg_onlineconnect.cpp(879): error C2065: 'm_bIsFading': undeclared identifier
c:\projects\old\a51\support\dialogs\dlg_onlineconnect.cpp(880): error C2065: 'm_bFadeIn': undeclared identifier
c:\projects\old\a51\support\dialogs\dlg_onlineconnect.cpp(881): error C2065: 'm_LogoAlpha': undeclared identifier
c:\projects\old\a51\support\dialogs\dlg_onlineconnect.cpp(882): error C2065: 'm_FadeStep': undeclared identifier
c:\projects\old\a51\support\dialogs\dlg_onlineconnect.cpp(1274): error C2065: 'm_LogoAlpha': undeclared identifier
c:\projects\old\a51\support\dialogs\dlg_onlineconnect.cpp(1484): error C2039: 'PopulateConfigurationList': is not a member of 'dlg_online_connect'
  c:\projects\old\a51\support\dialogs\dlg_onlineconnect.hpp(84): note: see declaration of 'dlg_online_connect'
c:\projects\old\a51\support\dialogs\dlg_onlineconnect.cpp(1500): error C2065: 'm_pConfigList': undeclared identifier
c:\projects\old\a51\support\dialogs\dlg_onlineconnect.cpp(1500): error C2227: left of '->DeleteAllItems' must point to class/struct/union/generic type
  c:\projects\old\a51\support\dialogs\dlg_onlineconnect.cpp(1500): note: type is 'unknown-type'
c:\projects\old\a51\support\dialogs\dlg_onlineconnect.cpp(1502): error C2065: 'm_LastErrorSlot': undeclared identifier
c:\projects\old\a51\support\dialogs\dlg_onlineconnect.cpp(1515): error C2065: 'm_PopUp': undeclared identifier
c:\projects\old\a51\support\dialogs\dlg_onlineconnect.cpp(1517): error C2065: 'm_PopUp': undeclared identifier
c:\projects\old\a51\support\dialogs\dlg_onlineconnect.cpp(1518): error C2065: 'WF_INPUTMODAL': undeclared identifier
c:\projects\old\a51\support\dialogs\dlg_onlineconnect.cpp(1518): error C2660: 'ui_manager::OpenDialog': function does not take 4 arguments
c:\projects\old\a51\support\dialogs\dlg_onlineconnect.cpp(1519): error C2065: 'm_PopUpResult': undeclared identifier
c:\projects\old\a51\support\dialogs\dlg_onlineconnect.cpp(1522): error C2065: 'm_PopUp': undeclared identifier
c:\projects\old\a51\support\dialogs\dlg_onlineconnect.cpp(1522): error C2227: left of '->Configure' must point to class/struct/union/generic type
  c:\projects\old\a51\support\dialogs\dlg_onlineconnect.cpp(1522): note: type is 'unknown-type'
c:\projects\old\a51\support\dialogs\dlg_onlineconnect.cpp(1537): error C2065: 'm_LastErrorSlot': undeclared identifier
c:\projects\old\a51\support\dialogs\dlg_onlineconnect.cpp(1543): error C2065: 'm_LastErrorSlot': undeclared identifier
c:\projects\old\a51\support\dialogs\dlg_onlineconnect.cpp(1545): error C2065: 'm_LastErrorSlot': undeclared identifier
c:\projects\old\a51\support\dialogs\dlg_onlineconnect.cpp(1551): error C2065: 'm_pConfigList': undeclared identifier
c:\projects\old\a51\support\dialogs\dlg_onlineconnect.cpp(1551): error C2227: left of '->AddItem' must point to class/struct/union/generic type
  c:\projects\old\a51\support\dialogs\dlg_onlineconnect.cpp(1551): note: type is 'unknown-type'
c:\projects\old\a51\support\dialogs\dlg_onlineconnect.cpp(1555): error C2065: 'm_LastErrorSlot': undeclared identifier
c:\projects\old\a51\support\dialogs\dlg_onlineconnect.cpp(1564): error C2065: 'm_pConfigList': undeclared identifier
c:\projects\old\a51\support\dialogs\dlg_onlineconnect.cpp(1564): error C2227: left of '->GetItemCount' must point to class/struct/union/generic type
  c:\projects\old\a51\support\dialogs\dlg_onlineconnect.cpp(1564): note: type is 'unknown-type'
c:\projects\old\a51\support\dialogs\dlg_onlineconnect.cpp(1566): error C2065: 'm_pConfigList': undeclared identifier
c:\projects\old\a51\support\dialogs\dlg_onlineconnect.cpp(1566): error C2227: left of '->SetSelection' must point to class/struct/union/generic type
  c:\projects\old\a51\support\dialogs\dlg_onlineconnect.cpp(1566): note: type is 'unknown-type'
c:\projects\old\a51\support\dialogs\dlg_onlineconnect.cpp(1567): error C2065: 'm_pConfigList': undeclared identifier
c:\projects\old\a51\support\dialogs\dlg_onlineconnect.cpp(1567): error C2227: left of '->GetItemCount' must point to class/struct/union/generic type
  c:\projects\old\a51\support\dialogs\dlg_onlineconnect.cpp(1567): note: type is 'unknown-type'
c:\projects\old\a51\support\dialogs\dlg_onlineconnect.cpp(1872): error C2065: 'm_bIsFading': undeclared identifier
c:\projects\old\a51\support\dialogs\dlg_onlineconnect.cpp(1941): error C2065: 'm_bIsFading': undeclared identifier
c:\projects\old\a51\support\dialogs\dlg_onlineconnect.cpp(1942): error C2065: 'm_bFadeIn': undeclared identifier
c:\projects\old\a51\support\dialogs\dlg_onlineconnect.cpp(1943): error C2065: 'm_LogoAlpha': undeclared identifier
c:\projects\old\a51\support\dialogs\dlg_onlineconnect.cpp(1944): error C2065: 'm_FadeStep': undeclared identifier
c:\projects\old\a51\support\dialogs\dlg_onlineconnect.cpp(2007): error C2065: 'm_bIsFading': undeclared identifier
c:\projects\old\a51\support\dialogs\dlg_onlineconnect.cpp(2008): error C2065: 'm_bFadeIn': undeclared identifier
c:\projects\old\a51\support\dialogs\dlg_onlineconnect.cpp(2009): error C2065: 'm_bRenderLogo': undeclared identifier
c:\projects\old\a51\support\dialogs\dlg_onlineconnect.cpp(2010): error C2065: 'm_LogoAlpha': undeclared identifier
c:\projects\old\a51\support\dialogs\dlg_onlineconnect.cpp(2011): error C2065: 'm_FadeStep': undeclared identifier
  Focus_Inst.cpp
c1xx : fatal error C1083: Cannot open source file: '..\Hud\Focus_Inst.cpp': No such file or directory
  HUD.cpp
c1xx : fatal error C1083: Cannot open source file: '..\Hud\HUD.cpp': No such file or directory
  HotkeyItemController.cpp
c1xx : fatal error C1083: Cannot open source file: '..\Hud\HotkeyItemController.cpp': No such file or directory
  HudControllerBase.cpp
c1xx : fatal error C1083: Cannot open source file: '..\Hud\HudControllerBase.cpp': No such file or directory
  HudItemController.cpp
c1xx : fatal error C1083: Cannot open source file: '..\Hud\HudItemController.cpp': No such file or directory
  RiftHUD.cpp
c1xx : fatal error C1083: Cannot open source file: '..\Hud\RiftHUD.cpp': No such file or directory
  SmartSprite.cpp
c1xx : fatal error C1083: Cannot open source file: '..\Hud\SmartSprite.cpp': No such file or directory
  CollectableAntiMutagen.cpp
c1xx : fatal error C1083: Cannot open source file: '..\Inventory\CollectableAntiMutagen.cpp': No such file or directory
  CollectableHealthPack.cpp
c1xx : fatal error C1083: Cannot open source file: '..\Inventory\CollectableHealthPack.cpp': No such file or directory
  CollectableKeyCard.cpp
c1xx : fatal error C1083: Cannot open source file: '..\Inventory\CollectableKeyCard.cpp': No such file or directory
  GenericItem.cpp
c1xx : fatal error C1083: Cannot open source file: '..\Inventory\GenericItem.cpp': No such file or directory
  Inventory.cpp
c1xx : fatal error C1083: Cannot open source file: '..\Inventory\Inventory.cpp': No such file or directory
  Generating Code...
  Compiling...
  InventoryBitmapResource.cpp
c1xx : fatal error C1083: Cannot open source file: '..\Inventory\InventoryBitmapResource.cpp': No such file or directory
  InventoryItem.cpp
c1xx : fatal error C1083: Cannot open source file: '..\Inventory\InventoryItem.cpp': No such file or directory
  RiftyPhysics.cpp
c1xx : fatal error C1083: Cannot open source file: '..\Locomotion\RiftyPhysics.cpp': No such file or directory
  DebugMenu.cpp
c1xx : fatal error C1083: Cannot open source file: '..\Menu\DebugMenu.cpp': No such file or directory
  DebugMenu_Main.cpp
c1xx : fatal error C1083: Cannot open source file: '..\Menu\DebugMenu_Main.cpp': No such file or directory
  BoostPickup.cpp
c1xx : fatal error C1083: Cannot open source file: '..\Objects\BoostPickup.cpp': No such file or directory
  DeadBody.cpp
c:\projects\old\a51\support\objects\deadbody.cpp(31): error C2039: 'TYPE_DEAD_BODY': is not a member of 'object'
  c:\projects\old\a51\support\zonemgr\zonemgr.hpp(22): note: see declaration of 'object'
c:\projects\old\a51\support\objects\deadbody.cpp(31): error C2065: 'TYPE_DEAD_BODY': undeclared identifier
c:\projects\old\a51\support\objects\deadbody.cpp(52): warning C4316: 'dead_body': object allocated on the heap may not be aligned 16
c:\projects\old\a51\support\objects\deadbody.cpp(184): error C2039: 'TYPE_DEAD_BODY': is not a member of 'object'
  c:\projects\old\a51\support\zonemgr\zonemgr.hpp(22): note: see declaration of 'object'
c:\projects\old\a51\support\objects\deadbody.cpp(184): error C2065: 'TYPE_DEAD_BODY': undeclared identifier
c:\projects\old\a51\support\objects\deadbody.cpp(251): error C2039: 'GetRagdollType': is not a member of 'actor'
  c:\projects\old\a51\support\characters\actoreffects.hpp(20): note: see declaration of 'actor'
c:\projects\old\a51\support\objects\deadbody.cpp(251): error C2660: 'ragdoll::Init': function does not take 3 arguments
c:\projects\old\a51\support\objects\deadbody.cpp(725): error C2653: 'particle_emitter': is not a class or namespace name
c:\projects\old\a51\support\objects\deadbody.cpp(725): error C2065: 'BLOODY_MESS': undeclared identifier
c:\projects\old\a51\support\objects\deadbody.cpp(725): error C3861: 'CreateOnPainEffect': identifier not found
c:\projects\old\a51\support\objects\deadbody.cpp(737): error C2653: 'particle_emitter': is not a class or namespace name
c:\projects\old\a51\support\objects\deadbody.cpp(737): error C2065: 'BLOODY_MESS': undeclared identifier
c:\projects\old\a51\support\objects\deadbody.cpp(737): error C3861: 'CreateOnPainEffect': identifier not found
  DefencePickup.cpp
c1xx : fatal error C1083: Cannot open source file: '..\Objects\DefencePickup.cpp': No such file or directory
  Ghost.cpp
c:\projects\old\a51\support\objects\ghost.hpp(198): error C2653: 'inventory_item': is not a class or namespace name
c:\projects\old\a51\support\objects\ghost.hpp(198): error C3646: 'GetInventoryType': unknown override specifier
c:\projects\old\a51\support\objects\ghost.hpp(198): error C2059: syntax error: '('
c:\projects\old\a51\support\objects\ghost.hpp(198): error C2238: unexpected token(s) preceding ';'
c:\projects\old\a51\support\objects\ghost.cpp(33): error C2039: 'TYPE_GHOST': is not a member of 'object'
  c:\projects\old\a51\support\ragdoll\ragdoll.hpp(28): note: see declaration of 'object'
c:\projects\old\a51\support\objects\ghost.cpp(33): error C2065: 'TYPE_GHOST': undeclared identifier
c:\projects\old\a51\support\objects\ghost.cpp(52): error C2259: 'ghost': cannot instantiate abstract class
  c:\projects\old\a51\support\objects\ghost.cpp(52): note: due to following members:
  c:\projects\old\a51\support\objects\ghost.cpp(52): note: 'void actor::OnPain(const pain &)': is abstract
  c:\projects\old\a51\support\objects\actor\actor.hpp(629): note: see declaration of 'actor::OnPain'
c:\projects\old\a51\support\objects\ghost.cpp(52): warning C4316: 'ghost': object allocated on the heap may not be aligned 16
c:\projects\old\a51\support\objects\ghost.cpp(129): error C2679: binary '=': no operator found which takes a right-hand operand of type 'float' (or there is no acceptable conversion)
  c:\projects\old\a51\support\objects\actor\actor.hpp(209): note: could be 'actor_health &actor_health::operator =(const actor_health &)'
  c:\projects\old\a51\support\objects\ghost.cpp(129): note: while trying to match the argument list '(actor_health, float)'
c:\projects\old\a51\support\objects\ghost.cpp(339): error C2065: 'm_WeaponInventory': undeclared identifier
c:\projects\old\a51\support\objects\ghost.cpp(339): error C2228: left of '.LogInventory' must have class/struct/union
  c:\projects\old\a51\support\objects\ghost.cpp(339): note: type is 'unknown-type'
c:\projects\old\a51\support\objects\ghost.cpp(369): error C2065: 'm_WeaponInventory': undeclared identifier
c:\projects\old\a51\support\objects\ghost.cpp(369): error C2228: left of '.GetItemTypeCount' must have class/struct/union
  c:\projects\old\a51\support\objects\ghost.cpp(369): note: type is 'unknown-type'
c:\projects\old\a51\support\objects\ghost.cpp(369): error C2039: 'GetInvType': is not a member of 'new_weapon'
  c:\projects\old\a51\support\objects\newweapon.hpp(83): note: see declaration of 'new_weapon'
c:\projects\old\a51\support\objects\ghost.cpp(499): error C2065: 'WEAPON_STRAIN_HUMAN_DUAL': undeclared identifier
c:\projects\old\a51\support\objects\ghost.cpp(501): error C2065: 'WEAPON_STRAIN_HUMAN': undeclared identifier
c:\projects\old\a51\support\objects\ghost.cpp(506): error C2065: 'WEAPON_STRAIN_MUTANT_DUAL': undeclared identifier
c:\projects\old\a51\support\objects\ghost.cpp(508): error C2065: 'WEAPON_STRAIN_MUTANT': undeclared identifier
c:\projects\old\a51\support\objects\ghost.cpp(514): error C2653: 'inventory_item': is not a class or namespace name
c:\projects\old\a51\support\objects\ghost.cpp(514): error C2039: 'GetInventoryType': is not a member of 'ghost'
  c:\projects\old\a51\support\objects\ghost.hpp(56): note: see declaration of 'ghost'
c:\projects\old\a51\support\objects\ghost.cpp(514): error C4430: missing type specifier - int assumed. Note: C++ does not support default-int
c:\projects\old\a51\support\objects\ghost.cpp(514): error C2146: syntax error: missing ';' before identifier 'GetInventoryType'
c:\projects\old\a51\support\objects\ghost.cpp(515): error C2143: syntax error: missing ';' before '{'
c:\projects\old\a51\support\objects\ghost.cpp(515): error C2447: '{': missing function header (old-style formal list?)
c:\projects\old\a51\support\objects\ghost.cpp(560): error C3861: 'CreateDeadBody': identifier not found
c:\projects\old\a51\support\objects\ghost.cpp(650): error C2065: 'm_WeaponInventory': undeclared identifier
c:\projects\old\a51\support\objects\ghost.cpp(650): error C2228: left of '.GetItemTypeCount' must have class/struct/union
  c:\projects\old\a51\support\objects\ghost.cpp(650): note: type is 'unknown-type'
c:\projects\old\a51\support\objects\ghost.cpp(650): error C2653: 'inventory_item': is not a class or namespace name
c:\projects\old\a51\support\objects\ghost.cpp(650): error C2065: 'INV_WPN_SMP': undeclared identifier
c:\projects\old\a51\support\objects\ghost.cpp(732): error C2039: 'SetCurrentRenderIndex': is not a member of 'new_weapon'
  c:\projects\old\a51\support\objects\newweapon.hpp(83): note: see declaration of 'new_weapon'
c:\projects\old\a51\support\objects\ghost.cpp(825): error C2039: 'Type': is not a member of 'pain'
  c:\projects\old\a51\support\objects\corpsepain.hpp(15): note: see declaration of 'pain'
c:\projects\old\a51\support\objects\ghost.cpp(825): error C2039: 'TYPE_GENERIC': is not a member of 'pain'
  c:\projects\old\a51\support\objects\corpsepain.hpp(15): note: see declaration of 'pain'
c:\projects\old\a51\support\objects\ghost.cpp(825): error C2065: 'TYPE_GENERIC': undeclared identifier
c:\projects\old\a51\support\objects\ghost.cpp(826): error C2039: 'Center': is not a member of 'pain'
  c:\projects\old\a51\support\objects\corpsepain.hpp(15): note: see declaration of 'pain'
c:\projects\old\a51\support\objects\ghost.cpp(827): error C2039: 'Origin': is not a member of 'pain'
  c:\projects\old\a51\support\objects\corpsepain.hpp(15): note: see declaration of 'pain'
c:\projects\old\a51\support\objects\ghost.cpp(828): error C2039: 'PtOfImpact': is not a member of 'pain'
  c:\projects\old\a51\support\objects\corpsepain.hpp(15): note: see declaration of 'pain'
c:\projects\old\a51\support\objects\ghost.cpp(829): error C2039: 'Direction': is not a member of 'pain'
  c:\projects\old\a51\support\objects\corpsepain.hpp(15): note: see declaration of 'pain'
c:\projects\old\a51\support\objects\ghost.cpp(829): error C2228: left of '.Set' must have class/struct/union
c:\projects\old\a51\support\objects\ghost.cpp(830): error C2039: 'DamageR0': is not a member of 'pain'
  c:\projects\old\a51\support\objects\corpsepain.hpp(15): note: see declaration of 'pain'
c:\projects\old\a51\support\objects\ghost.cpp(831): error C2039: 'DamageR1': is not a member of 'pain'
  c:\projects\old\a51\support\objects\corpsepain.hpp(15): note: see declaration of 'pain'
c:\projects\old\a51\support\objects\ghost.cpp(832): error C2039: 'ForceR0': is not a member of 'pain'
  c:\projects\old\a51\support\objects\corpsepain.hpp(15): note: see declaration of 'pain'
c:\projects\old\a51\support\objects\ghost.cpp(833): error C2039: 'ForceR1': is not a member of 'pain'
  c:\projects\old\a51\support\objects\corpsepain.hpp(15): note: see declaration of 'pain'
c:\projects\old\a51\support\objects\ghost.cpp(834): error C2039: 'RadiusR0': is not a member of 'pain'
  c:\projects\old\a51\support\objects\corpsepain.hpp(15): note: see declaration of 'pain'
c:\projects\old\a51\support\objects\ghost.cpp(835): error C2039: 'RadiusR1': is not a member of 'pain'
  c:\projects\old\a51\support\objects\corpsepain.hpp(15): note: see declaration of 'pain'
  HealthPickup.cpp
c1xx : fatal error C1083: Cannot open source file: '..\Objects\HealthPickup.cpp': No such file or directory
  MusicLogic.cpp
c1xx : fatal error C1083: Cannot open source file: '..\Objects\MusicLogic.cpp': No such file or directory
  Pain.cpp
c1xx : fatal error C1083: Cannot open source file: '..\Objects\Pain.cpp': No such file or directory
  Player.cpp
c1xx : fatal error C1083: Cannot open source file: '..\Objects\Player.cpp': No such file or directory
  ProjectileSeeker.cpp
c:\projects\old\a51\support\objects\projectileseeker.cpp(47): warning C4316: 'seeker_projectile': object allocated on the heap may not be aligned 16
c:\projects\old\a51\support\objects\projectileseeker.cpp(107): error C2572: 'seeker_projectile::Initialize': redefinition of default argument: parameter 1
  c:\projects\old\a51\support\objects\projectileseeker.hpp(40): note: see declaration of 'seeker_projectile::Initialize'
c:\projects\old\a51\support\objects\projectileseeker.cpp(291): error C2660: 'audio_manager::Play': function does not take 5 arguments
  WeaponFragGrenade.cpp
c1xx : fatal error C1083: Cannot open source file: '..\Objects\WeaponFragGrenade.cpp': No such file or directory
  WeaponGauss.cpp
c:\projects\old\a51\support\objects\weapongauss.cpp(42): warning C4316: 'weapon_gauss': object allocated on the heap may not be aligned 16
c:\projects\old\a51\support\objects\weapongauss.cpp(80): error C2065: 'm_fFiringDelay': undeclared identifier
c:\projects\old\a51\support\objects\weapongauss.cpp(89): error C2065: 'm_InvType': undeclared identifier
c:\projects\old\a51\support\objects\weapongauss.cpp(89): error C2653: 'inventory_item': is not a class or namespace name
c:\projects\old\a51\support\objects\weapongauss.cpp(89): error C2065: 'INV_WPN_GAUSS': undeclared identifier
c:\projects\old\a51\support\objects\weapongauss.cpp(121): error C2819: type 'skin_inst' does not have an overloaded member 'operator ->'
  c:\projects\old\a51\support\objects\render\skininst.hpp(16): note: see declaration of 'skin_inst'
  c:\projects\old\a51\support\objects\weapongauss.cpp(121): note: did you intend to use '.' instead?
c:\projects\old\a51\support\objects\weapongauss.cpp(121): error C2232: '->skin_inst::GetGeom': left operand has 'class' type, use '.'
c:\projects\old\a51\support\objects\weapongauss.cpp(162): error C2660: 'new_weapon::CreateBullet': function does not take 4 arguments
c:\projects\old\a51\support\objects\weapongauss.cpp(174): error C2664: 'base_projectile *new_weapon::CreateBullet(const char *,const vector3 &,const radian3 &,const vector3 &,const guid,const pain_handle &,new_weapon::ammo_priority,xbool,s32)': cannot convert argument 1 from 'const object_desc' to 'const char *'
  c:\projects\old\a51\support\objects\weapongauss.cpp(174): note: No user-defined-conversion operator available that can perform this conversion, or the operator cannot be called
c:\projects\old\a51\support\objects\weapongauss.cpp(193): error C2065: 'm_CurrentRenderIndex': undeclared identifier
c:\projects\old\a51\support\objects\weapongauss.cpp(193): error C2228: left of '.GetGeom' must have class/struct/union
c:\projects\old\a51\support\objects\weapongauss.cpp(200): error C2065: 'm_CurrentRenderIndex': undeclared identifier
c:\projects\old\a51\support\objects\weapongauss.cpp(200): error C2228: left of '.GetGeom' must have class/struct/union
c:\projects\old\a51\support\objects\weapongauss.cpp(200): error C2227: left of '->HasBitmapAnim' must point to class/struct/union/generic type
c:\projects\old\a51\support\objects\weapongauss.cpp(201): error C2039: 'tex_anim': is not a member of 'render'
  c:\projects\old\a51\support\render\render.hpp(21): note: see declaration of 'render'
c:\projects\old\a51\support\objects\weapongauss.cpp(201): error C2065: 'tex_anim': undeclared identifier
c:\projects\old\a51\support\objects\weapongauss.cpp(201): error C2146: syntax error: missing ';' before identifier 'TexAnim'
c:\projects\old\a51\support\objects\weapongauss.cpp(201): error C2065: 'TexAnim': undeclared identifier
c:\projects\old\a51\support\objects\weapongauss.cpp(202): error C2039: 'htexanim_inst': is not a member of 'render'
  c:\projects\old\a51\support\render\render.hpp(21): note: see declaration of 'render'
c:\projects\old\a51\support\objects\weapongauss.cpp(202): error C2065: 'htexanim_inst': undeclared identifier
c:\projects\old\a51\support\objects\weapongauss.cpp(202): error C2146: syntax error: missing ';' before identifier 'hTexAnims'
c:\projects\old\a51\support\objects\weapongauss.cpp(202): error C2065: 'hTexAnims': undeclared identifier
c:\projects\old\a51\support\objects\weapongauss.cpp(202): error C2039: 'GetTexAnimData': is not a member of 'render'
  c:\projects\old\a51\support\render\render.hpp(21): note: see declaration of 'render'
c:\projects\old\a51\support\objects\weapongauss.cpp(202): error C2065: 'm_CurrentRenderIndex': undeclared identifier
c:\projects\old\a51\support\objects\weapongauss.cpp(202): error C2228: left of '.GetInst' must have class/struct/union
c:\projects\old\a51\support\objects\weapongauss.cpp(202): error C3861: 'GetTexAnimData': identifier not found
c:\projects\old\a51\support\objects\weapongauss.cpp(203): error C2039: 'GetBitmapAnim': is not a member of 'render'
  c:\projects\old\a51\support\render\render.hpp(21): note: see declaration of 'render'
c:\projects\old\a51\support\objects\weapongauss.cpp(203): error C2065: 'hTexAnims': undeclared identifier
c:\projects\old\a51\support\objects\weapongauss.cpp(206): error C2065: 'TexAnim': undeclared identifier
c:\projects\old\a51\support\objects\weapongauss.cpp(203): error C3861: 'GetBitmapAnim': identifier not found
c:\projects\old\a51\support\objects\weapongauss.cpp(221): error C2065: 'TexAnim': undeclared identifier
c:\projects\old\a51\support\objects\weapongauss.cpp(221): error C2228: left of '.iStart' must have class/struct/union
  c:\projects\old\a51\support\objects\weapongauss.cpp(221): note: type is 'unknown-type'
c:\projects\old\a51\support\objects\weapongauss.cpp(222): error C2039: 'SetBitmapAnim': is not a member of 'render'
  c:\projects\old\a51\support\render\render.hpp(21): note: see declaration of 'render'
c:\projects\old\a51\support\objects\weapongauss.cpp(222): error C2065: 'hTexAnims': undeclared identifier
c:\projects\old\a51\support\objects\weapongauss.cpp(225): error C2065: 'TexAnim': undeclared identifier
c:\projects\old\a51\support\objects\weapongauss.cpp(222): error C3861: 'SetBitmapAnim': identifier not found
c:\projects\old\a51\support\objects\weapongauss.cpp(254): error C2065: 'm_fFiringTimer': undeclared identifier
c:\projects\old\a51\support\objects\weapongauss.cpp(254): error C2065: 'm_fFiringDelay': undeclared identifier
c:\projects\old\a51\support\objects\weapongauss.cpp(263): error C2039: 'Initialize': is not a member of 'grenade_projectile'
  c:\projects\old\a51\support\objects\grenadeprojectile.hpp(17): note: see declaration of 'grenade_projectile'
c:\projects\old\a51\support\objects\weapongauss.cpp(263): error C2065: 'm_CurrentRenderIndex': undeclared identifier
c:\projects\old\a51\support\objects\weapongauss.cpp(263): error C2228: left of '.GetBonePosition' must have class/struct/union
c:\projects\old\a51\support\objects\weapongauss.cpp(371): error C2660: 'audio_manager::Play': function does not take 5 arguments
c:\projects\old\a51\support\objects\weapongauss.cpp(383): error C2039: 'GetPosition': is not a member of 'audio_manager'
  c:\projects\old\a51\support\audiomgr\audiomgr.hpp(29): note: see declaration of 'audio_manager'
c:\projects\old\a51\support\objects\weapongauss.cpp(384): error C2660: 'audio_manager::Play': function does not take 2 arguments
c:\projects\old\a51\support\objects\weapongauss.cpp(386): error C2039: 'Release': is not a member of 'audio_manager'
  c:\projects\old\a51\support\audiomgr\audiomgr.hpp(29): note: see declaration of 'audio_manager'
c:\projects\old\a51\support\objects\weapongauss.cpp(397): error C2039: 'SetPosition': is not a member of 'audio_manager'
  c:\projects\old\a51\support\audiomgr\audiomgr.hpp(29): note: see declaration of 'audio_manager'
c:\projects\old\a51\support\objects\weapongauss.cpp(409): error C2039: 'SetPosition': is not a member of 'audio_manager'
  c:\projects\old\a51\support\audiomgr\audiomgr.hpp(29): note: see declaration of 'audio_manager'
c:\projects\old\a51\support\objects\weapongauss.cpp(423): error C2065: 'MAX_BONE_POINTS': undeclared identifier
c:\projects\old\a51\support\objects\weapongauss.cpp(427): error C2065: 'm_MuzzleFXGuid': undeclared identifier
c:\projects\old\a51\support\objects\weapongauss.cpp(429): error C2065: 'm_MuzzleFXGuid': undeclared identifier
c:\projects\old\a51\support\objects\weapongauss.cpp(430): error C2039: 'PLAYER_MUZZLE_FLASH_GAUSS': is not a member of 'particle_emitter'
  c:\projects\old\a51\support\objects\particleemiter.hpp(104): note: see declaration of 'particle_emitter'
c:\projects\old\a51\support\objects\weapongauss.cpp(430): error C2065: 'PLAYER_MUZZLE_FLASH_GAUSS': undeclared identifier
c:\projects\old\a51\support\objects\weapongauss.cpp(436): error C2065: 'm_MuzzleSecondaryFXGuid': undeclared identifier
c:\projects\old\a51\support\objects\weapongauss.cpp(438): error C2065: 'm_MuzzleSecondaryFXGuid': undeclared identifier
c:\projects\old\a51\support\objects\weapongauss.cpp(439): error C2039: 'PLAYER_MUZZLE_FLASH_GAUSS_2ND': is not a member of 'particle_emitter'
  c:\projects\old\a51\support\objects\particleemiter.hpp(104): note: see declaration of 'particle_emitter'
c:\projects\old\a51\support\objects\weapongauss.cpp(439): error C2065: 'PLAYER_MUZZLE_FLASH_GAUSS_2ND': undeclared identifier
c:\projects\old\a51\support\objects\weapongauss.cpp(447): error C2065: 'm_MuzzleFXGuid': undeclared identifier
c:\projects\old\a51\support\objects\weapongauss.cpp(447): error C2065: 'FIRE_POINT': undeclared identifier
c:\projects\old\a51\support\objects\weapongauss.cpp(449): error C2065: 'm_MuzzleFXGuid': undeclared identifier
c:\projects\old\a51\support\objects\weapongauss.cpp(449): error C2065: 'FIRE_POINT': undeclared identifier
c:\projects\old\a51\support\objects\weapongauss.cpp(450): error C2039: 'PLAYER_MUZZLE_FLASH_MHG': is not a member of 'particle_emitter'
  c:\projects\old\a51\support\objects\particleemiter.hpp(104): note: see declaration of 'particle_emitter'
c:\projects\old\a51\support\objects\weapongauss.cpp(450): error C2065: 'PLAYER_MUZZLE_FLASH_MHG': undeclared identifier
  WeaponGravCharge.cpp
c1xx : fatal error C1083: Cannot open source file: '..\Objects\WeaponGravCharge.cpp': No such file or directory
  WeaponMHG.cpp
c:\projects\old\a51\support\objects\weaponmhg.cpp(46): warning C4316: 'weapon_mhg': object allocated on the heap may not be aligned 16
c:\projects\old\a51\support\objects\weaponmhg.cpp(82): error C2065: 'm_fFiringDelay': undeclared identifier
c:\projects\old\a51\support\objects\weaponmhg.cpp(106): error C2065: 'm_InvType': undeclared identifier
c:\projects\old\a51\support\objects\weaponmhg.cpp(106): error C2653: 'inventory_item': is not a class or namespace name
c:\projects\old\a51\support\objects\weaponmhg.cpp(106): error C2065: 'INV_WPN_MHG': undeclared identifier
c:\projects\old\a51\support\objects\weaponmhg.cpp(130): error C2065: 'm_CurrentRenderIndex': undeclared identifier
c:\projects\old\a51\support\objects\weaponmhg.cpp(130): error C2228: left of '.GetPointer' must have class/struct/union
c:\projects\old\a51\support\objects\weaponmhg.cpp(132): error C2065: 'm_CurrentRenderIndex': undeclared identifier
c:\projects\old\a51\support\objects\weaponmhg.cpp(132): error C2228: left of '.GetBoneIndex' must have class/struct/union
c:\projects\old\a51\support\objects\weaponmhg.cpp(133): error C2065: 'm_CurrentRenderIndex': undeclared identifier
c:\projects\old\a51\support\objects\weaponmhg.cpp(133): error C2228: left of '.GetBoneIndex' must have class/struct/union
c:\projects\old\a51\support\objects\weaponmhg.cpp(144): error C2065: 'm_CurrentRenderIndex': undeclared identifier
c:\projects\old\a51\support\objects\weaponmhg.cpp(144): error C2228: left of '.GetPointer' must have class/struct/union
c:\projects\old\a51\support\objects\weaponmhg.cpp(146): error C2065: 'm_CurrentRenderIndex': undeclared identifier
c:\projects\old\a51\support\objects\weaponmhg.cpp(146): error C2228: left of '.GetBoneIndex' must have class/struct/union
c:\projects\old\a51\support\objects\weaponmhg.cpp(147): error C2065: 'm_CurrentRenderIndex': undeclared identifier
c:\projects\old\a51\support\objects\weaponmhg.cpp(147): error C2228: left of '.GetBoneIndex' must have class/struct/union
c:\projects\old\a51\support\objects\weaponmhg.cpp(219): error C2065: 'm_fFiringTimer': undeclared identifier
c:\projects\old\a51\support\objects\weaponmhg.cpp(219): error C2065: 'm_fFiringDelay': undeclared identifier
c:\projects\old\a51\support\objects\weaponmhg.cpp(225): error C2065: 'm_CurrentRenderIndex': undeclared identifier
c:\projects\old\a51\support\objects\weaponmhg.cpp(225): error C2228: left of '.GetBoneL2W' must have class/struct/union
c:\projects\old\a51\support\objects\weaponmhg.cpp(232): error C2660: 'new_weapon::CreateBullet': function does not take 4 arguments
c:\projects\old\a51\support\objects\weaponmhg.cpp(244): error C2664: 'base_projectile *new_weapon::CreateBullet(const char *,const vector3 &,const radian3 &,const vector3 &,const guid,const pain_handle &,new_weapon::ammo_priority,xbool,s32)': cannot convert argument 1 from 'const object_desc' to 'const char *'
  c:\projects\old\a51\support\objects\weaponmhg.cpp(244): note: No user-defined-conversion operator available that can perform this conversion, or the operator cannot be called
c:\projects\old\a51\support\objects\weaponmhg.cpp(278): error C2065: 'm_fFiringTimer': undeclared identifier
c:\projects\old\a51\support\objects\weaponmhg.cpp(278): error C2065: 'm_fFiringDelay': undeclared identifier
c:\projects\old\a51\support\objects\weaponmhg.cpp(290): error C2065: 'm_CurrentRenderIndex': undeclared identifier
c:\projects\old\a51\support\objects\weaponmhg.cpp(290): error C2228: left of '.GetBoneL2W' must have class/struct/union
c:\projects\old\a51\support\objects\weaponmhg.cpp(302): error C2664: 'base_projectile *new_weapon::CreateBullet(const char *,const vector3 &,const radian3 &,const vector3 &,const guid,const pain_handle &,new_weapon::ammo_priority,xbool,s32)': cannot convert argument 1 from 'const object_desc' to 'const char *'
  c:\projects\old\a51\support\objects\weaponmhg.cpp(302): note: No user-defined-conversion operator available that can perform this conversion, or the operator cannot be called
c:\projects\old\a51\support\objects\weaponmhg.cpp(331): error C2065: 'm_CurrentRenderIndex': undeclared identifier
c:\projects\old\a51\support\objects\weaponmhg.cpp(331): error C2228: left of '.GetBoneL2W' must have class/struct/union
c:\projects\old\a51\support\objects\weaponmhg.cpp(331): error C2065: 'FIRE_POINT': undeclared identifier
c:\projects\old\a51\support\objects\weaponmhg.cpp(338): error C2039: 'TYPE_PROJECTILE_BULLET': is not a member of 'pain'
  c:\projects\old\a51\support\painmgr\pain.hpp(30): note: see declaration of 'pain'
c:\projects\old\a51\support\objects\weaponmhg.cpp(338): error C2065: 'TYPE_PROJECTILE_BULLET': undeclared identifier
c:\projects\old\a51\support\objects\weaponmhg.cpp(351): error C2039: 'TYPE_PROJECTILE_BULLET': is not a member of 'pain'
  c:\projects\old\a51\support\painmgr\pain.hpp(30): note: see declaration of 'pain'
c:\projects\old\a51\support\objects\weaponmhg.cpp(351): error C2065: 'TYPE_PROJECTILE_BULLET': undeclared identifier
c:\projects\old\a51\support\objects\weaponmhg.cpp(361): error C2660: 'audio_manager::Play': function does not take 5 arguments
c:\projects\old\a51\support\objects\weaponmhg.cpp(381): error C2065: 'MAX_BONE_POINTS': undeclared identifier
c:\projects\old\a51\support\objects\weaponmhg.cpp(385): error C2065: 'm_MuzzleFXGuid': undeclared identifier
c:\projects\old\a51\support\objects\weaponmhg.cpp(387): error C2065: 'm_MuzzleFXGuid': undeclared identifier
c:\projects\old\a51\support\objects\weaponmhg.cpp(388): error C2039: 'PLAYER_MUZZLE_FLASH_MHG': is not a member of 'particle_emitter'
  c:\projects\old\a51\support\objects\particleemiter.hpp(104): note: see declaration of 'particle_emitter'
c:\projects\old\a51\support\objects\weaponmhg.cpp(388): error C2065: 'PLAYER_MUZZLE_FLASH_MHG': undeclared identifier
c:\projects\old\a51\support\objects\weaponmhg.cpp(394): error C2065: 'm_MuzzleSecondaryFXGuid': undeclared identifier
c:\projects\old\a51\support\objects\weaponmhg.cpp(396): error C2065: 'm_MuzzleSecondaryFXGuid': undeclared identifier
c:\projects\old\a51\support\objects\weaponmhg.cpp(397): error C2039: 'PLAYER_MUZZLE_FLASH_MHG': is not a member of 'particle_emitter'
  c:\projects\old\a51\support\objects\particleemiter.hpp(104): note: see declaration of 'particle_emitter'
c:\projects\old\a51\support\objects\weaponmhg.cpp(397): error C2065: 'PLAYER_MUZZLE_FLASH_MHG': undeclared identifier
c:\projects\old\a51\support\objects\weaponmhg.cpp(407): error C2065: 'm_MuzzleFXGuid': undeclared identifier
c:\projects\old\a51\support\objects\weaponmhg.cpp(407): error C2065: 'FIRE_POINT': undeclared identifier
c:\projects\old\a51\support\objects\weaponmhg.cpp(409): error C2065: 'm_MuzzleFXGuid': undeclared identifier
c:\projects\old\a51\support\objects\weaponmhg.cpp(409): error C2065: 'FIRE_POINT': undeclared identifier
c:\projects\old\a51\support\objects\weaponmhg.cpp(410): error C2039: 'PLAYER_MUZZLE_FLASH_MHG': is not a member of 'particle_emitter'
  c:\projects\old\a51\support\objects\particleemiter.hpp(104): note: see declaration of 'particle_emitter'
c:\projects\old\a51\support\objects\weaponmhg.cpp(410): error C2065: 'PLAYER_MUZZLE_FLASH_MHG': undeclared identifier
c:\projects\old\a51\support\objects\weaponmhg.cpp(443): error C2065: 'm_CurrentRenderIndex': undeclared identifier
c:\projects\old\a51\support\objects\weaponmhg.cpp(443): error C2228: left of '.GetPointer' must have class/struct/union
c:\projects\old\a51\support\objects\weaponmhg.cpp(445): error C2065: 'm_CurrentRenderIndex': undeclared identifier
c:\projects\old\a51\support\objects\weaponmhg.cpp(445): error C2228: left of '.GetBoneIndex' must have class/struct/union
c:\projects\old\a51\support\objects\weaponmhg.cpp(446): error C2065: 'm_CurrentRenderIndex': undeclared identifier
c:\projects\old\a51\support\objects\weaponmhg.cpp(446): error C2228: left of '.GetBoneIndex' must have class/struct/union
c:\projects\old\a51\support\objects\weaponmhg.cpp(449): error C2039: 'SetCurrentRenderIndex': is not a member of 'new_weapon'
  c:\projects\old\a51\support\objects\newweapon.hpp(83): note: see declaration of 'new_weapon'
c:\projects\old\a51\support\objects\weaponmhg.cpp(458): error C2039: 'AddHeader': is not a member of 'prop_enum'
  c:\projects\old\a51\support\objects\render\virtualtexturemask.hpp(27): note: see declaration of 'prop_enum'
c:\projects\old\a51\support\objects\weaponmhg.cpp(459): error C2039: 'AddExternal': is not a member of 'prop_enum'
  c:\projects\old\a51\support\objects\render\virtualtexturemask.hpp(27): note: see declaration of 'prop_enum'
c:\projects\old\a51\support\objects\weaponmhg.cpp(460): error C2039: 'AddExternal': is not a member of 'prop_enum'
  c:\projects\old\a51\support\objects\render\virtualtexturemask.hpp(27): note: see declaration of 'prop_enum'
c:\projects\old\a51\support\objects\weaponmhg.cpp(461): error C2039: 'AddExternal': is not a member of 'prop_enum'
  c:\projects\old\a51\support\objects\render\virtualtexturemask.hpp(27): note: see declaration of 'prop_enum'
c:\projects\old\a51\support\objects\weaponmhg.cpp(463): error C2039: 'AddFloat': is not a member of 'prop_enum'
  c:\projects\old\a51\support\objects\render\virtualtexturemask.hpp(27): note: see declaration of 'prop_enum'
c:\projects\old\a51\support\objects\weaponmhg.cpp(464): error C2039: 'AddFloat': is not a member of 'prop_enum'
  c:\projects\old\a51\support\objects\render\virtualtexturemask.hpp(27): note: see declaration of 'prop_enum'
c:\projects\old\a51\support\objects\weaponmhg.cpp(465): error C2039: 'AddFloat': is not a member of 'prop_enum'
  c:\projects\old\a51\support\objects\render\virtualtexturemask.hpp(27): note: see declaration of 'prop_enum'
c:\projects\old\a51\support\objects\weaponmhg.cpp(466): error C2039: 'AddFloat': is not a member of 'prop_enum'
  c:\projects\old\a51\support\objects\render\virtualtexturemask.hpp(27): note: see declaration of 'prop_enum'
c:\projects\old\a51\support\objects\weaponmhg.cpp(467): error C2039: 'AddFloat': is not a member of 'prop_enum'
  c:\projects\old\a51\support\objects\render\virtualtexturemask.hpp(27): note: see declaration of 'prop_enum'
c:\projects\old\a51\support\objects\weaponmhg.cpp(468): error C2039: 'AddFloat': is not a member of 'prop_enum'
  c:\projects\old\a51\support\objects\render\virtualtexturemask.hpp(27): note: see declaration of 'prop_enum'
c:\projects\old\a51\support\objects\weaponmhg.cpp(619): error C2065: 'm_CurrentRenderIndex': undeclared identifier
c:\projects\old\a51\support\objects\weaponmhg.cpp(619): error C2228: left of '.GetBoneL2W' must have class/struct/union
c:\projects\old\a51\support\objects\weaponmhg.cpp(620): error C2065: 'm_CurrentRenderIndex': undeclared identifier
c:\projects\old\a51\support\objects\weaponmhg.cpp(620): error C2228: left of '.GetBindPosition' must have class/struct/union
c:\projects\old\a51\support\objects\weaponmhg.cpp(636): error C2065: 'm_CurrentRenderIndex': undeclared identifier
c:\projects\old\a51\support\objects\weaponmhg.cpp(636): error C2228: left of '.GetBoneL2W' must have class/struct/union
c:\projects\old\a51\support\objects\weaponmhg.cpp(637): error C2065: 'm_CurrentRenderIndex': undeclared identifier
c:\projects\old\a51\support\objects\weaponmhg.cpp(637): error C2228: left of '.GetBindPosition' must have class/struct/union
c:\projects\old\a51\support\objects\weaponmhg.cpp(654): error C2065: 'm_CurrentRenderIndex': undeclared identifier
c:\projects\old\a51\support\objects\weaponmhg.cpp(654): error C2228: left of '.GetBoneL2W' must have class/struct/union
c:\projects\old\a51\support\objects\weaponmhg.cpp(655): error C2065: 'm_CurrentRenderIndex': undeclared identifier
c:\projects\old\a51\support\objects\weaponmhg.cpp(655): error C2228: left of '.GetBindPosition' must have class/struct/union
c:\projects\old\a51\support\objects\weaponmhg.cpp(663): error C2065: 'm_CurrentRenderIndex': undeclared identifier
c:\projects\old\a51\support\objects\weaponmhg.cpp(663): error C2228: left of '.GetBoneL2W' must have class/struct/union
c:\projects\old\a51\support\objects\weaponmhg.cpp(664): error C2065: 'm_CurrentRenderIndex': undeclared identifier
c:\projects\old\a51\support\objects\weaponmhg.cpp(664): error C2228: left of '.GetBindPosition' must have class/struct/union
  Periodical.cpp
c1xx : fatal error C1083: Cannot open source file: '..\Periodical\Periodical.cpp': No such file or directory
  Periodical_mgr.cpp
c1xx : fatal error C1083: Cannot open source file: '..\Periodical\Periodical_mgr.cpp': No such file or directory
  Generating Code...
  Compiling...
  HumanRagdoll.cpp
c1xx : fatal error C1083: Cannot open source file: '..\Ragdoll\HumanRagdoll.cpp': No such file or directory
  Mutant3Ragdoll.cpp
c1xx : fatal error C1083: Cannot open source file: '..\Ragdoll\Mutant3Ragdoll.cpp': No such file or directory
  Ragdoll.cpp
c:\projects\old\a51\support\ragdoll\ragdoll.cpp(752): error C2039: 'TYPE_DEAD_BODY': is not a member of 'object'
  c:\projects\old\a51\support\zonemgr\zonemgr.hpp(22): note: see declaration of 'object'
c:\projects\old\a51\support\ragdoll\ragdoll.cpp(752): error C2065: 'TYPE_DEAD_BODY': undeclared identifier
c:\projects\old\a51\support\ragdoll\ragdoll.cpp(2091): error C2065: 'k_stats_Ragdoll': undeclared identifier
  ScientistRagdoll.cpp
  StickBone.cpp
  VerletCollision.cpp
  editor_icons.cpp
  ResourceMgr.cpp
  EventSoundEmitter.cpp
c:\projects\old\a51\support\sound\eventsoundemitter.cpp(53): warning C4316: 'event_sound_emitter': object allocated on the heap may not be aligned 16
  SimpleSoundEmitter.cpp
c:\projects\old\a51\support\sound\simplesoundemitter.cpp(49): warning C4316: 'simple_sound_emitter': object allocated on the heap may not be aligned 16
  SoundEmitter.cpp
c:\projects\old\a51\support\sound\soundemitter.cpp(64): warning C4316: 'sound_emitter': object allocated on the heap may not be aligned 16
  SpatialDBase.cpp
  StateMgr.cpp
c:\projects\old\a51\support\statemgr\statemgr.cpp(944): error C2275: 'input_gadget': illegal use of this type as an expression
  c:\projects\old\a51\xcore\entropy\e_input_gadget_defines.hpp(32): note: see declaration of 'input_gadget'
c:\projects\old\a51\support\statemgr\statemgr.cpp(944): error C2146: syntax error: missing ';' before identifier 'ControllerQuery'
c:\projects\old\a51\support\statemgr\statemgr.cpp(944): error C2065: 'ControllerQuery': undeclared identifier
c:\projects\old\a51\support\statemgr\statemgr.cpp(945): error C2275: 'input_gadget': illegal use of this type as an expression
  c:\projects\old\a51\xcore\entropy\e_input_gadget_defines.hpp(32): note: see declaration of 'input_gadget'
c:\projects\old\a51\support\statemgr\statemgr.cpp(945): error C2146: syntax error: missing ';' before identifier 'AnalogQuery'
c:\projects\old\a51\support\statemgr\statemgr.cpp(945): error C2065: 'AnalogQuery': undeclared identifier
c:\projects\old\a51\support\statemgr\statemgr.cpp(986): error C2065: 'ControllerQuery': undeclared identifier
c:\projects\old\a51\support\statemgr\statemgr.cpp(987): error C2065: 'AnalogQuery': undeclared identifier
c:\projects\old\a51\support\statemgr\statemgr.cpp(998): error C2065: 'ControllerQuery': undeclared identifier
c:\projects\old\a51\support\statemgr\statemgr.cpp(999): error C2065: 'AnalogQuery': undeclared identifier
c:\projects\old\a51\support\statemgr\statemgr.cpp(1009): error C2065: 'ControllerQuery': undeclared identifier
c:\projects\old\a51\support\statemgr\statemgr.cpp(1010): error C2065: 'AnalogQuery': undeclared identifier
c:\projects\old\a51\support\statemgr\statemgr.cpp(2469): warning C4244: 'argument': conversion from 'int' to 'f32', possible loss of data
  TemplateMgr.cpp
  TracerMgr.cpp
c:\projects\old\a51\support\tracers\tracermgr.cpp(33): warning C4316: 'tracer_mgr::tracer': object allocated on the heap may not be aligned 16
  action_affect_global.cpp
  action_ai_attack_guid.cpp
  action_ai_base.cpp
  action_ai_dialog_line.cpp
  action_ai_inventory.cpp
  Generating Code...
  Compiling...
  action_ai_lookat_guid.cpp
  action_ai_nav_activation.cpp
  action_ai_pathto_guid.cpp
  action_ai_play_anim.cpp
  action_ai_searchto_guid.cpp
  action_create_template.cpp
  action_display_text.cpp
  action_door_logic.cpp
  action_load_level.cpp
  action_music_intensity.cpp
  action_object_activation.cpp
  action_object_damage.cpp
  action_object_destroy.cpp
  action_object_move.cpp
  action_object_move_relative.cpp
  action_player_camera_shake.cpp
  action_player_inventory.cpp
  action_portal_activate.cpp
  action_set_property.cpp
  conditional_affecter.cpp
  Generating Code...
  Compiling...
  object_affecter.cpp
  condition_check_global.cpp
  condition_check_property.cpp
  condition_object_exists.cpp
  condition_player_button_state.cpp
  condition_player_has_item.cpp
  condition_random_chance.cpp
  trigger_meta_base.cpp
  trigger_meta_block.cpp
  trigger_meta_breakpoint.cpp
  trigger_meta_delay.cpp
  trigger_meta_goto.cpp
  trigger_meta_label.cpp
  TriggerEx_Actions.cpp
  TriggerEx_Conditionals.cpp
  TriggerEx_Manager.cpp
  TriggerEx_Object.cpp
c:\projects\old\a51\support\triggerex\triggerex_object.cpp(240): warning C4316: 'trigger_ex_object': object allocated on the heap may not be aligned 16
  ZoneMgr.cpp
c:\projects\old\a51\support\zonemgr\zonemgr.cpp(171): warning C4316: 'zone_mgr::portal': object allocated on the heap may not be aligned 16
c:\projects\old\a51\support\zonemgr\zonemgr.cpp(175): warning C4316: 'zone_mgr::zone': object allocated on the heap may not be aligned 16
c:\projects\old\a51\support\zonemgr\zonemgr.cpp(1380): warning C4316: 'zone_mgr::portal': object allocated on the heap may not be aligned 16
c:\projects\old\a51\support\zonemgr\zonemgr.cpp(1381): warning C4316: 'zone_mgr::zone': object allocated on the heap may not be aligned 16
  ConnectionZoneMgr.cpp
c:\projects\old\a51\support\navigation\connectionzonemgr.cpp(13): warning C4302: 'type cast': truncation from 'const void *' to 'u16'
c:\projects\old\a51\support\navigation\connectionzonemgr.cpp(16): warning C4302: 'type cast': truncation from 'const void *' to 'u16'
  CoverNode.cpp
c:\projects\old\a51\support\navigation\covernode.cpp(566): warning C4316: 'cover_node': object allocated on the heap may not be aligned 16
  Generating Code...
  Compiling...
  ng_connection2.cpp
  ng_node2.cpp
  BinLevel.cpp
  Level.cpp
  Link.cpp
c:\projects\old\a51\support\gamelib\link.cpp(136): warning C4316: 'light_obj': object allocated on the heap may not be aligned 16
c:\projects\old\a51\support\gamelib\link.cpp(137): warning C4316: 'play_surface': object allocated on the heap may not be aligned 16
c:\projects\old\a51\support\gamelib\link.cpp(138): warning C4316: 'anim_surface': object allocated on the heap may not be aligned 16
c:\projects\old\a51\support\gamelib\link.cpp(139): warning C4316: 'door': object allocated on the heap may not be aligned 16
c:\projects\old\a51\support\gamelib\link.cpp(140): warning C4316: 'sound_emitter': object allocated on the heap may not be aligned 16
c:\projects\old\a51\support\gamelib\link.cpp(141): warning C4316: 'prop_surface': object allocated on the heap may not be aligned 16
c:\projects\old\a51\support\gamelib\link.cpp(142): warning C4316: 'pickup': object allocated on the heap may not be aligned 16
c:\projects\old\a51\support\gamelib\link.cpp(143): warning C4316: 'corpse': object allocated on the heap may not be aligned 16
c:\projects\old\a51\support\gamelib\link.cpp(144): warning C4316: 'notepad_object': object allocated on the heap may not be aligned 16
c:\projects\old\a51\support\gamelib\link.cpp(145): warning C4316: 'lens_filter': object allocated on the heap may not be aligned 16
c:\projects\old\a51\support\gamelib\link.cpp(147): warning C4316: 'player': object allocated on the heap may not be aligned 16
c:\projects\old\a51\support\gamelib\link.cpp(149): warning C4316: 'net_ghost': object allocated on the heap may not be aligned 16
c:\projects\old\a51\support\gamelib\link.cpp(152): warning C4316: 'new_weapon': object allocated on the heap may not be aligned 16
c:\projects\old\a51\support\gamelib\link.cpp(153): warning C4316: 'weapon_smp': object allocated on the heap may not be aligned 16
c:\projects\old\a51\support\gamelib\link.cpp(154): warning C4316: 'weapon_dual_smp': object allocated on the heap may not be aligned 16
c:\projects\old\a51\support\gamelib\link.cpp(155): warning C4316: 'weapon_shotgun': object allocated on the heap may not be aligned 16
c:\projects\old\a51\support\gamelib\link.cpp(156): warning C4316: 'weapon_dual_shotgun': object allocated on the heap may not be aligned 16
c:\projects\old\a51\support\gamelib\link.cpp(157): warning C4316: 'weapon_sniper_rifle': object allocated on the heap may not be aligned 16
c:\projects\old\a51\support\gamelib\link.cpp(158): warning C4316: 'weapon_desert_eagle': object allocated on the heap may not be aligned 16
c:\projects\old\a51\support\gamelib\link.cpp(159): warning C4316: 'weapon_msn': object allocated on the heap may not be aligned 16
c:\projects\old\a51\support\gamelib\link.cpp(160): warning C4316: 'weapon_bbg': object allocated on the heap may not be aligned 16
c:\projects\old\a51\support\gamelib\link.cpp(161): warning C4316: 'weapon_tra': object allocated on the heap may not be aligned 16
c:\projects\old\a51\support\gamelib\link.cpp(162): warning C4316: 'weapon_scanner': object allocated on the heap may not be aligned 16
c:\projects\old\a51\support\gamelib\link.cpp(163): warning C4316: 'weapon_mutation': object allocated on the heap may not be aligned 16
c:\projects\old\a51\support\gamelib\link.cpp(164): warning C4316: 'bullet_projectile': object allocated on the heap may not be aligned 16
c:\projects\old\a51\support\gamelib\link.cpp(165): warning C4316: 'homing_projectile': object allocated on the heap may not be aligned 16
c:\projects\old\a51\support\gamelib\link.cpp(166): warning C4316: 'mutant_parasite_projectile': object allocated on the heap may not be aligned 16
c:\projects\old\a51\support\gamelib\link.cpp(167): warning C4316: 'mutant_contagion_projectile': object allocated on the heap may not be aligned 16
c:\projects\old\a51\support\gamelib\link.cpp(168): warning C4316: 'mutant_tendril_projectile': object allocated on the heap may not be aligned 16
c:\projects\old\a51\support\gamelib\link.cpp(169): warning C4316: 'energy_projectile': object allocated on the heap may not be aligned 16
c:\projects\old\a51\support\gamelib\link.cpp(170): warning C4316: 'mesonseeker_projectile': object allocated on the heap may not be aligned 16
c:\projects\old\a51\support\gamelib\link.cpp(172): warning C4316: 'particle_emitter': object allocated on the heap may not be aligned 16
c:\projects\old\a51\support\gamelib\link.cpp(173): warning C4316: 'zone_portal': object allocated on the heap may not be aligned 16
c:\projects\old\a51\support\gamelib\link.cpp(174): warning C4316: 'trigger_ex_object': object allocated on the heap may not be aligned 16
c:\projects\old\a51\support\gamelib\link.cpp(178): warning C4316: 'character_task_set': object allocated on the heap may not be aligned 16
c:\projects\old\a51\support\gamelib\link.cpp(179): warning C4316: 'soldier': object allocated on the heap may not be aligned 16
c:\projects\old\a51\support\gamelib\link.cpp(180): warning C4316: 'hazmat': object allocated on the heap may not be aligned 16
c:\projects\old\a51\support\gamelib\link.cpp(181): warning C4316: 'god': object allocated on the heap may not be aligned 16
c:\projects\old\a51\support\gamelib\link.cpp(182): warning C4316: 'gray': object allocated on the heap may not be aligned 16
c:\projects\old\a51\support\gamelib\link.cpp(183): warning C4316: 'grunt': object allocated on the heap may not be aligned 16
c:\projects\old\a51\support\gamelib\link.cpp(184): warning C4316: 'genericNPC': object allocated on the heap may not be aligned 16
c:\projects\old\a51\support\gamelib\link.cpp(185): warning C4316: 'mutant_tank': object allocated on the heap may not be aligned 16
c:\projects\old\a51\support\gamelib\link.cpp(187): warning C4316: 'cover_node': object allocated on the heap may not be aligned 16
c:\projects\old\a51\support\gamelib\link.cpp(188): warning C4316: 'alarm_node': object allocated on the heap may not be aligned 16
c:\projects\old\a51\support\gamelib\link.cpp(189): warning C4316: 'debris': object allocated on the heap may not be aligned 16
c:\projects\old\a51\support\gamelib\link.cpp(190): warning C4316: 'debris_rigid': object allocated on the heap may not be aligned 16
c:\projects\old\a51\support\gamelib\link.cpp(191): warning C4316: 'skin_prop_surface': object allocated on the heap may not be aligned 16
c:\projects\old\a51\support\gamelib\link.cpp(192): warning C4316: 'projector_obj': object allocated on the heap may not be aligned 16
c:\projects\old\a51\support\gamelib\link.cpp(193): warning C4316: 'friendly_scientist': object allocated on the heap may not be aligned 16
c:\projects\old\a51\support\gamelib\link.cpp(194): warning C4316: 'simple_sound_emitter': object allocated on the heap may not be aligned 16
c:\projects\old\a51\support\gamelib\link.cpp(195): warning C4316: 'event_sound_emitter': object allocated on the heap may not be aligned 16
c:\projects\old\a51\support\gamelib\link.cpp(196): warning C4316: 'cloth_object': object allocated on the heap may not be aligned 16
c:\projects\old\a51\support\gamelib\link.cpp(197): warning C4316: 'particle_event_emitter': object allocated on the heap may not be aligned 16
c:\projects\old\a51\support\gamelib\link.cpp(198): warning C4316: 'ladder_field': object allocated on the heap may not be aligned 16
c:\projects\old\a51\support\gamelib\link.cpp(200): warning C4316: 'marker_object': object allocated on the heap may not be aligned 16
c:\projects\old\a51\support\gamelib\link.cpp(201): warning C4316: 'input_setting': object allocated on the heap may not be aligned 16
c:\projects\old\a51\support\gamelib\link.cpp(202): warning C4316: 'level_settings': object allocated on the heap may not be aligned 16
c:\projects\old\a51\support\gamelib\link.cpp(203): warning C4316: 'glass_surface': object allocated on the heap may not be aligned 16
c:\projects\old\a51\support\gamelib\link.cpp(204): warning C4316: 'manipulator': object allocated on the heap may not be aligned 16
c:\projects\old\a51\support\gamelib\link.cpp(205): warning C4316: 'animation_obj': object allocated on the heap may not be aligned 16
c:\projects\old\a51\support\gamelib\link.cpp(206): warning C4316: 'spawn_point': object allocated on the heap may not be aligned 16
c:\projects\old\a51\support\gamelib\link.cpp(208): warning C4316: 'spawner_object': object allocated on the heap may not be aligned 16
c:\projects\old\a51\support\gamelib\link.cpp(209): warning C4316: 'focus_object': object allocated on the heap may not be aligned 16
c:\projects\old\a51\support\gamelib\link.cpp(210): warning C4316: 'lore_object': object allocated on the heap may not be aligned 16
c:\projects\old\a51\support\gamelib\link.cpp(211): warning C4316: 'hud_object': object allocated on the heap may not be aligned 16
c:\projects\old\a51\support\gamelib\link.cpp(212): warning C4316: 'proxy_playsurface': object allocated on the heap may not be aligned 16
c:\projects\old\a51\support\gamelib\link.cpp(213): warning C4316: 'reactive_surface': object allocated on the heap may not be aligned 16
c:\projects\old\a51\support\gamelib\link.cpp(215): warning C4316: 'damage_field': object allocated on the heap may not be aligned 16
c:\projects\old\a51\support\gamelib\link.cpp(216): warning C4316: 'destructible_obj': object allocated on the heap may not be aligned 16
c:\projects\old\a51\support\gamelib\link.cpp(218): warning C4316: 'path': object allocated on the heap may not be aligned 16
c:\projects\old\a51\support\gamelib\link.cpp(219): warning C4316: 'tracker': object allocated on the heap may not be aligned 16
c:\projects\old\a51\support\gamelib\link.cpp(220): warning C4316: 'camera': object allocated on the heap may not be aligned 16
c:\projects\old\a51\support\gamelib\link.cpp(221): warning C4316: 'pip': object allocated on the heap may not be aligned 16
c:\projects\old\a51\support\gamelib\link.cpp(222): warning C4316: 'controller': object allocated on the heap may not be aligned 16
c:\projects\old\a51\support\gamelib\link.cpp(223): warning C4316: 'turret': object allocated on the heap may not be aligned 16
c:\projects\old\a51\support\gamelib\link.cpp(224): warning C4316: 'nav_point': object allocated on the heap may not be aligned 16
c:\projects\old\a51\support\gamelib\link.cpp(225): warning C4316: 'explosive_bullet_projectile': object allocated on the heap may not be aligned 16
c:\projects\old\a51\support\gamelib\link.cpp(227): warning C4316: 'coupler': object allocated on the heap may not be aligned 16
c:\projects\old\a51\support\gamelib\link.cpp(229): warning C4316: 'alien_orb': object allocated on the heap may not be aligned 16
c:\projects\old\a51\support\gamelib\link.cpp(230): warning C4316: 'alien_spawn_tube': object allocated on the heap may not be aligned 16
c:\projects\old\a51\support\gamelib\link.cpp(231): warning C4316: 'alien_glob': object allocated on the heap may not be aligned 16
c:\projects\old\a51\support\gamelib\link.cpp(232): warning C4316: 'alien_shield': object allocated on the heap may not be aligned 16
c:\projects\old\a51\support\gamelib\link.cpp(234): warning C4316: 'ground_zero_core_obj': object allocated on the heap may not be aligned 16
c:\projects\old\a51\support\gamelib\link.cpp(235): warning C4316: 'feedback_emitter': object allocated on the heap may not be aligned 16
c:\projects\old\a51\support\gamelib\link.cpp(237): warning C4316: 'volumetric_light_obj': object allocated on the heap may not be aligned 16
c:\projects\old\a51\support\gamelib\link.cpp(238): warning C4316: 'coke_can': object allocated on the heap may not be aligned 16
c:\projects\old\a51\support\gamelib\link.cpp(239): warning C4316: 'super_destructible_obj': object allocated on the heap may not be aligned 16
c:\projects\old\a51\support\gamelib\link.cpp(240): warning C4316: 'invisible_wall_obj': object allocated on the heap may not be aligned 16
c:\projects\old\a51\support\gamelib\link.cpp(242): warning C4316: 'debris_glass_cluster': object allocated on the heap may not be aligned 16
c:\projects\old\a51\support\gamelib\link.cpp(244): warning C4316: 'group': object allocated on the heap may not be aligned 16
c:\projects\old\a51\support\gamelib\link.cpp(246): warning C4316: 'mutagen_reservoir': object allocated on the heap may not be aligned 16
c:\projects\old\a51\support\gamelib\link.cpp(247): warning C4316: 'cinema_object': object allocated on the heap may not be aligned 16
c:\projects\old\a51\support\gamelib\link.cpp(249): warning C4316: 'game_prop': object allocated on the heap may not be aligned 16
c:\projects\old\a51\support\gamelib\link.cpp(250): warning C4316: 'flag': object allocated on the heap may not be aligned 16
c:\projects\old\a51\support\gamelib\link.cpp(251): warning C4316: 'blueprint_bag': object allocated on the heap may not be aligned 16
c:\projects\old\a51\support\gamelib\link.cpp(252): warning C4316: 'mp_settings': object allocated on the heap may not be aligned 16
c:\projects\old\a51\support\gamelib\link.cpp(253): warning C4316: 'jump_pad': object allocated on the heap may not be aligned 16
c:\projects\old\a51\support\gamelib\link.cpp(254): warning C4316: 'teleporter': object allocated on the heap may not be aligned 16
c:\projects\old\a51\support\gamelib\link.cpp(255): warning C4316: 'force_field': object allocated on the heap may not be aligned 16
c:\projects\old\a51\support\gamelib\link.cpp(256): warning C4316: 'team_prop': object allocated on the heap may not be aligned 16
c:\projects\old\a51\support\gamelib\link.cpp(257): warning C4316: 'team_light': object allocated on the heap may not be aligned 16
c:\projects\old\a51\support\gamelib\link.cpp(258): warning C4316: 'flag_base': object allocated on the heap may not be aligned 16
c:\projects\old\a51\xcore\x_files\implementation\x_array_private.hpp(503): warning C4316: 'collision_shape::sphere': object allocated on the heap may not be aligned 16
  c:\projects\old\a51\xcore\x_files\implementation\x_array_private.hpp(496): note: while compiling class template member function 'void xarray<collision_shape::sphere>::SetCapacity(s32)'
  c:\projects\old\a51\support\physicsmgr\collisionshape.hpp(226): note: see reference to function template instantiation 'void xarray<collision_shape::sphere>::SetCapacity(s32)' being compiled
  c:\projects\old\a51\support\physicsmgr\collisionshape.hpp(130): note: see reference to class template instantiation 'xarray<collision_shape::sphere>' being compiled
c:\projects\old\a51\xcore\x_files\implementation\x_array_private.hpp(503): warning C4316: 'constraint': object allocated on the heap may not be aligned 16
  c:\projects\old\a51\xcore\x_files\implementation\x_array_private.hpp(496): note: while compiling class template member function 'void xarray<constraint>::SetCapacity(s32)'
  c:\projects\old\a51\xcore\x_files\implementation\x_array_private.hpp(107): note: see reference to function template instantiation 'void xarray<constraint>::SetCapacity(s32)' being compiled
  c:\projects\old\a51\xcore\x_files\implementation\x_array_private.hpp(65): note: while compiling class template member function 'constraint &xarray<constraint>::operator [](s32) const'
  c:\projects\old\a51\support\physicsmgr\physicsinst.hpp(359): note: see reference to function template instantiation 'constraint &xarray<constraint>::operator [](s32) const' being compiled
  c:\projects\old\a51\support\physicsmgr\physicsinst.hpp(180): note: see reference to class template instantiation 'xarray<constraint>' being compiled
  RigidGeomCollision.cpp
c:\projects\old\a51\support\gamelib\rigidgeomcollision.cpp(563): warning C4334: '<<': result of 32-bit shift implicitly converted to 64 bits (was 64-bit shift intended?)
c:\projects\old\a51\support\gamelib\rigidgeomcollision.cpp(839): warning C4334: '<<': result of 32-bit shift implicitly converted to 64 bits (was 64-bit shift intended?)
c:\projects\old\a51\support\gamelib\rigidgeomcollision.cpp(1180): warning C4334: '<<': result of 32-bit shift implicitly converted to 64 bits (was 64-bit shift intended?)
c:\projects\old\a51\support\gamelib\rigidgeomcollision.cpp(1342): warning C4334: '<<': result of 32-bit shift implicitly converted to 64 bits (was 64-bit shift intended?)
  StatsMgr.cpp
  debris_rigid.cpp
c:\projects\old\a51\support\gamelib\debris_rigid.cpp(30): warning C4316: 'debris_rigid': object allocated on the heap may not be aligned 16
  Generating Code...
