This file contains any messages produced by compilers while
running configure, to aid debugging if configure makes a mistake.

It was created by configure, which was
generated by GNU Autoconf 2.57.  Invocation command line was

  $ ./configure --prefix=c:/progra~1/Pcre --enable-shared --disable-static --enable-utf8

## --------- ##
## Platform. ##
## --------- ##

hostname = gamma
uname -m = i686
uname -r = 1.3.22(0.78/3/2)
uname -s = CYGWIN_NT-5.1
uname -v = 2003-03-18 09:20

/usr/bin/uname -p = unknown
/bin/uname -X     = unknown

/bin/arch              = unknown
/usr/bin/arch -k       = unknown
/usr/convex/getsysinfo = unknown
hostinfo               = unknown
/bin/machine           = unknown
/usr/bin/oslevel       = unknown
/bin/universe          = unknown

PATH: /cygdrive/h/mingw/bin
PATH: /usr/bin
PATH: /cygdrive/c/WINDOWS/system32
PATH: /cygdrive/c/WINDOWS
PATH: /cygdrive/c/WINDOWS/System32/Wbem
PATH: /cygdrive/e/util
PATH: /cygdrive/e/program files/gnuwin32/bin
PATH: /cygdrive/h/gnuwin32/bin
PATH: /cygdrive/h/mingw/bin
PATH: /cygdrive/h/tex/bin/win32
PATH: /usr/bin


## ----------- ##
## Core tests. ##
## ----------- ##

configure:1330: loading site script k:/config.site
| # These two variables are required, otherwise looking for
| # programs along the PATH will not work.
| PATH_SEPARATOR=:
| PATH_EXPAND=y
| 
| # This is required in for "test -f foo" to find foo.exe
| export TEST_FINDS_EXE=y
| 
| # Install programs
| INSTALL=${INSTALL:='/bin/install.exe -cpD'}
| INSTALL_DATA=${INSTALL_DATA:='/bin/install.exe -cp'}
| INSTALL_PROGRAM=${INSTALL_PROGRAM:='/bin/install.exe -cpD'}
| 
| # Do not detect fork even if a stub is provided
| ac_cv_func_fork=no
| ac_cv_func_vfork=no
| 
| # Detect socket functions 
| ac_cv_func_gethostbyname=yes
| ac_cv_func_inet_ntoa=yes
| ac_cv_func_gethostbyaddr=yes
| ac_cv_func_gethostname=yes
| ac_cv_func_connect=yes
| 
| ac_cv_func_ftruncate=yes
| ac_cv_func_mkstemp=yes
| 
| # These are set here so the generated libtool will be good
| # for every installation, not only the one where the
| # package was configured.
| NM=${NM='nm'}
| LD=${LD='ld'}
| 
| # Force the test for 'ln -s' to report 'cp -fp'.
| ac_cv_prog_LN_S='cp -fp'
| cl_cv_prog_LN='cp -fp'
| cl_cv_prog_LN_S='cp -fp'
| LN_S='cp -fp'
| LN='cp -fp'
| 
| EXEEXT='.exe'
| exeext='.exe'
| 
| CC=gcc
| CXX=g++
| #HOST_CC=gcc
| 
| DEFS=${DEFS:=" -D__GTHREAD_HIDE_WIN32API -D_LARGEFILE_SOURCE=1 -D_LARGEFILE64_SOURCE=1 -D_FILE_OFFSET_BITS=64 $DEFSP "}
| #INCLUDES=" $INCLUDES -IH:/mingw/mingw32/include/libc "
| CFLAGS=${CFLAGS:=" -Wall -O3 -mms-bitfields -fms-extensions -fno-rtti -fno-exceptions -march=i386 "}
| # -fnative-struct 
| 
| CXXFLAGS="$CFLAGS $CXXFLAGS"
| CPPFLAGS=" $DEFS $CPPFLAGS $INCLUDES "
| 
| LDFLAGS=${LDFLAGS:=" -Wl,-s -Wl,--enable-auto-import "}
| LIBS=${LIBS:=" -Wl,-s -lgw32c -lintl -liconv -lwsock32 -lole32 -luuid "}
| # -liberty
| 
| host=${host:='i386-pc-mingw32'}
| build=${build:=$host}
| target=${target:=$host}
| host_alias=${host_alias:=$host}
| build_alias=${build_alias:=$build}
| target_alias=${target_alias:=$target}
| 
| # the following lines should ensure that NLS is used
| # by means of separate libintl instead of
| # the libintl provided with the package
| with_included_gettext=no
| enable_nls=yes
| nls_cv_use_gnu_gettext=yes
| USE_NLS=yes
| LIBINTL=' -lintl '
| LTLIBINTL=' -lintl '
| BUILD_INCLUDED_LIBINTL=no
| USE_INCLUDED_LIBINTL=no
| 
| test "$prefix" = NONE && prefix=$PACKAGE_TARNAME
| prefix=${prefix:=c:/progra~1/GnuWin32}
configure:1496: checking for gcc
configure:1522: result: gcc
configure:1766: checking for C compiler version
configure:1769: gcc --version </dev/null >&5
gcc.exe (GCC) 3.2.3 (mingw special 20030504-1)
Copyright (C) 2002 Free Software Foundation, Inc.
This is free software; see the source for copying conditions.  There is NO
warranty; not even for MERCHANTABILITY or FITNESS FOR A PARTICULAR PURPOSE.

configure:1772: $? = 0
configure:1774: gcc -v </dev/null >&5
Reading specs from h:/mingw/bin/../lib/gcc-lib/mingw32/3.2.3/specs
Configured with: ../gcc/configure --with-gcc --with-gnu-ld --with-gnu-as --host=mingw32 --target=mingw32 --prefix=/mingw --enable-threads --disable-nls --enable-languages=c++,f77,objc --disable-win32-registry --disable-shared --enable-sjlj-exceptions
Thread model: win32
gcc version 3.2.3 (mingw special 20030504-1)
configure:1777: $? = 0
configure:1779: gcc -V </dev/null >&5
gcc.exe: argument to `-V' is missing
configure:1782: $? = 1
configure:1806: checking for C compiler default output
configure:1809: gcc  -Wall -O3 -mms-bitfields -fms-extensions -fno-rtti -fno-exceptions -march=i386    -D__GTHREAD_HIDE_WIN32API -D_LARGEFILE_SOURCE=1 -D_LARGEFILE64_SOURCE=1 -D_FILE_OFFSET_BITS=64       -Wl,-s -Wl,--enable-auto-import  conftest.c  -Wl,-s -lgw32c -lintl -liconv -lwsock32 -lole32 -luuid  >&5
configure:1812: $? = 0
configure:1858: result: a.exe
configure:1863: checking whether the C compiler works
configure:1869: ./a.exe
configure:1872: $? = 0
configure:1889: result: yes
configure:1896: checking whether we are cross compiling
configure:1898: result: no
configure:1901: checking for suffix of executables
configure:1903: gcc -o conftest.exe  -Wall -O3 -mms-bitfields -fms-extensions -fno-rtti -fno-exceptions -march=i386    -D__GTHREAD_HIDE_WIN32API -D_LARGEFILE_SOURCE=1 -D_LARGEFILE64_SOURCE=1 -D_FILE_OFFSET_BITS=64       -Wl,-s -Wl,--enable-auto-import  conftest.c  -Wl,-s -lgw32c -lintl -liconv -lwsock32 -lole32 -luuid  >&5
configure:1906: $? = 0
configure:1931: result: .exe
configure:1937: checking for suffix of object files
configure:1959: gcc -c  -Wall -O3 -mms-bitfields -fms-extensions -fno-rtti -fno-exceptions -march=i386    -D__GTHREAD_HIDE_WIN32API -D_LARGEFILE_SOURCE=1 -D_LARGEFILE64_SOURCE=1 -D_FILE_OFFSET_BITS=64      conftest.c >&5
configure:1962: $? = 0
configure:1984: result: o
configure:1988: checking whether we are using the GNU C compiler
configure:2013: gcc -c  -Wall -O3 -mms-bitfields -fms-extensions -fno-rtti -fno-exceptions -march=i386    -D__GTHREAD_HIDE_WIN32API -D_LARGEFILE_SOURCE=1 -D_LARGEFILE64_SOURCE=1 -D_FILE_OFFSET_BITS=64      conftest.c >&5
configure:2016: $? = 0
configure:2019: test -s conftest.o
configure:2022: $? = 0
configure:2035: result: yes
configure:2041: checking whether gcc accepts -g
configure:2063: gcc -c -g   -D__GTHREAD_HIDE_WIN32API -D_LARGEFILE_SOURCE=1 -D_LARGEFILE64_SOURCE=1 -D_FILE_OFFSET_BITS=64      conftest.c >&5
configure:2066: $? = 0
configure:2069: test -s conftest.o
configure:2072: $? = 0
configure:2083: result: yes
configure:2100: checking for gcc option to accept ANSI C
configure:2161: gcc  -c  -Wall -O3 -mms-bitfields -fms-extensions -fno-rtti -fno-exceptions -march=i386    -D__GTHREAD_HIDE_WIN32API -D_LARGEFILE_SOURCE=1 -D_LARGEFILE64_SOURCE=1 -D_FILE_OFFSET_BITS=64      conftest.c >&5
configure:2164: $? = 0
configure:2167: test -s conftest.o
configure:2170: $? = 0
configure:2188: result: none needed
configure:2206: gcc -c  -Wall -O3 -mms-bitfields -fms-extensions -fno-rtti -fno-exceptions -march=i386    -D__GTHREAD_HIDE_WIN32API -D_LARGEFILE_SOURCE=1 -D_LARGEFILE64_SOURCE=1 -D_FILE_OFFSET_BITS=64      conftest.c >&5
conftest.c:2: parse error before "me"
configure:2209: $? = 1
configure: failed program was:
| #ifndef __cplusplus
|   choke me
| #endif
configure:2355: checking for a BSD-compatible install
configure:2409: result: /bin/install.exe -cpD
configure:2493: checking build system type
configure:2511: result: i386-pc-mingw32
configure:2519: checking host system type
configure:2533: result: i386-pc-mingw32
configure:2552: checking for ld used by GCC
configure:2615: result: ld
configure:2624: checking if the linker (ld) is GNU ld
GNU ld version 2.13.90 20030111
configure:2636: result: yes
configure:2641: checking for ld option to reload object files
configure:2648: result: -r
configure:2653: checking for BSD-compatible nm
configure:2689: result: nm
configure:2692: checking whether ln -s works
configure:2696: result: yes
configure:2703: checking how to recognise dependant libraries
configure:2871: result: file_magic file format pei*-i386(.*architecture: i386)?
configure:2884: checking command to parse nm output
configure:2961: gcc -c  -Wall -O3 -mms-bitfields -fms-extensions -fno-rtti -fno-exceptions -march=i386    -D__GTHREAD_HIDE_WIN32API -D_LARGEFILE_SOURCE=1 -D_LARGEFILE64_SOURCE=1 -D_FILE_OFFSET_BITS=64      conftest.c >&5
configure:2964: $? = 0
configure:2968: nm conftest.o \| sed -n -e 's/^.*[     ]\([ABCDGISTW][ABCDGISTW]*\)[     ][     ]*\(\)\([_A-Za-z][_A-Za-z0-9]*\)\{0,1\}$/\1 \2\3 \3/p' \> conftest.nm
configure:2971: $? = 0
cannot find nm_test_var in conftest.nm
configure:2961: gcc -c  -Wall -O3 -mms-bitfields -fms-extensions -fno-rtti -fno-exceptions -march=i386    -D__GTHREAD_HIDE_WIN32API -D_LARGEFILE_SOURCE=1 -D_LARGEFILE64_SOURCE=1 -D_FILE_OFFSET_BITS=64      conftest.c >&5
configure:2964: $? = 0
configure:2968: nm conftest.o \| sed -n -e 's/^.*[     ]\([ABCDGISTW][ABCDGISTW]*\)[     ][     ]*\(_\)\([_A-Za-z][_A-Za-z0-9]*\)\{0,1\}$/\1 \2\3 \3/p' \> conftest.nm
configure:2971: $? = 0
configure:3023: gcc -o conftest.exe  -Wall -O3 -mms-bitfields -fms-extensions -fno-rtti -fno-exceptions -march=i386    -D__GTHREAD_HIDE_WIN32API -D_LARGEFILE_SOURCE=1 -D_LARGEFILE64_SOURCE=1 -D_FILE_OFFSET_BITS=64       -Wl,-s -Wl,--enable-auto-import  conftest.c conftstm.o >&5
conftest.c:6: warning: `main' is usually a function
configure:3026: $? = 0
configure:3067: result: ok
configure:3076: checking how to run the C preprocessor
configure:3112: gcc -E   -D__GTHREAD_HIDE_WIN32API -D_LARGEFILE_SOURCE=1 -D_LARGEFILE64_SOURCE=1 -D_FILE_OFFSET_BITS=64      conftest.c
configure:3118: $? = 0
configure:3150: gcc -E   -D__GTHREAD_HIDE_WIN32API -D_LARGEFILE_SOURCE=1 -D_LARGEFILE64_SOURCE=1 -D_FILE_OFFSET_BITS=64      conftest.c
configure:3149:28: ac_nonexistent.h: No such file or directory
configure:3156: $? = 1
configure: failed program was:
| #line 3141 "configure"
| /* confdefs.h.  */
| 
| #define PACKAGE_NAME ""
| #define PACKAGE_TARNAME ""
| #define PACKAGE_VERSION ""
| #define PACKAGE_STRING ""
| #define PACKAGE_BUGREPORT ""
| /* end confdefs.h.  */
| #include <ac_nonexistent.h>
configure:3194: result: gcc -E
configure:3219: gcc -E   -D__GTHREAD_HIDE_WIN32API -D_LARGEFILE_SOURCE=1 -D_LARGEFILE64_SOURCE=1 -D_FILE_OFFSET_BITS=64      conftest.c
configure:3225: $? = 0
configure:3257: gcc -E   -D__GTHREAD_HIDE_WIN32API -D_LARGEFILE_SOURCE=1 -D_LARGEFILE64_SOURCE=1 -D_FILE_OFFSET_BITS=64      conftest.c
configure:3256:28: ac_nonexistent.h: No such file or directory
configure:3263: $? = 1
configure: failed program was:
| #line 3248 "configure"
| /* confdefs.h.  */
| 
| #define PACKAGE_NAME ""
| #define PACKAGE_TARNAME ""
| #define PACKAGE_VERSION ""
| #define PACKAGE_STRING ""
| #define PACKAGE_BUGREPORT ""
| /* end confdefs.h.  */
| #include <ac_nonexistent.h>
configure:3306: checking for egrep
configure:3316: result: grep -E
configure:3321: checking for ANSI C header files
configure:3347: gcc -c  -Wall -O3 -mms-bitfields -fms-extensions -fno-rtti -fno-exceptions -march=i386    -D__GTHREAD_HIDE_WIN32API -D_LARGEFILE_SOURCE=1 -D_LARGEFILE64_SOURCE=1 -D_FILE_OFFSET_BITS=64      conftest.c >&5
configure:3350: $? = 0
configure:3353: test -s conftest.o
configure:3356: $? = 0
configure:3445: gcc -o conftest.exe  -Wall -O3 -mms-bitfields -fms-extensions -fno-rtti -fno-exceptions -march=i386    -D__GTHREAD_HIDE_WIN32API -D_LARGEFILE_SOURCE=1 -D_LARGEFILE64_SOURCE=1 -D_FILE_OFFSET_BITS=64       -Wl,-s -Wl,--enable-auto-import  conftest.c  -Wl,-s -lgw32c -lintl -liconv -lwsock32 -lole32 -luuid  >&5
configure: In function `main':
configure:3441: warning: implicit declaration of function `exit'
configure:3448: $? = 0
configure:3450: ./conftest.exe
configure:3453: $? = 0
configure:3468: result: yes
configure:3492: checking for sys/types.h
configure:3509: gcc -c  -Wall -O3 -mms-bitfields -fms-extensions -fno-rtti -fno-exceptions -march=i386    -D__GTHREAD_HIDE_WIN32API -D_LARGEFILE_SOURCE=1 -D_LARGEFILE64_SOURCE=1 -D_FILE_OFFSET_BITS=64      conftest.c >&5
configure:3512: $? = 0
configure:3515: test -s conftest.o
configure:3518: $? = 0
configure:3529: result: yes
configure:3492: checking for sys/stat.h
configure:3509: gcc -c  -Wall -O3 -mms-bitfields -fms-extensions -fno-rtti -fno-exceptions -march=i386    -D__GTHREAD_HIDE_WIN32API -D_LARGEFILE_SOURCE=1 -D_LARGEFILE64_SOURCE=1 -D_FILE_OFFSET_BITS=64      conftest.c >&5
configure:3512: $? = 0
configure:3515: test -s conftest.o
configure:3518: $? = 0
configure:3529: result: yes
configure:3492: checking for stdlib.h
configure:3509: gcc -c  -Wall -O3 -mms-bitfields -fms-extensions -fno-rtti -fno-exceptions -march=i386    -D__GTHREAD_HIDE_WIN32API -D_LARGEFILE_SOURCE=1 -D_LARGEFILE64_SOURCE=1 -D_FILE_OFFSET_BITS=64      conftest.c >&5
configure:3512: $? = 0
configure:3515: test -s conftest.o
configure:3518: $? = 0
configure:3529: result: yes
configure:3492: checking for string.h
configure:3509: gcc -c  -Wall -O3 -mms-bitfields -fms-extensions -fno-rtti -fno-exceptions -march=i386    -D__GTHREAD_HIDE_WIN32API -D_LARGEFILE_SOURCE=1 -D_LARGEFILE64_SOURCE=1 -D_FILE_OFFSET_BITS=64      conftest.c >&5
configure:3512: $? = 0
configure:3515: test -s conftest.o
configure:3518: $? = 0
configure:3529: result: yes
configure:3492: checking for memory.h
configure:3509: gcc -c  -Wall -O3 -mms-bitfields -fms-extensions -fno-rtti -fno-exceptions -march=i386    -D__GTHREAD_HIDE_WIN32API -D_LARGEFILE_SOURCE=1 -D_LARGEFILE64_SOURCE=1 -D_FILE_OFFSET_BITS=64      conftest.c >&5
configure:3512: $? = 0
configure:3515: test -s conftest.o
configure:3518: $? = 0
configure:3529: result: yes
configure:3492: checking for strings.h
configure:3509: gcc -c  -Wall -O3 -mms-bitfields -fms-extensions -fno-rtti -fno-exceptions -march=i386    -D__GTHREAD_HIDE_WIN32API -D_LARGEFILE_SOURCE=1 -D_LARGEFILE64_SOURCE=1 -D_FILE_OFFSET_BITS=64      conftest.c >&5
configure:3512: $? = 0
configure:3515: test -s conftest.o
configure:3518: $? = 0
configure:3529: result: yes
configure:3492: checking for inttypes.h
configure:3509: gcc -c  -Wall -O3 -mms-bitfields -fms-extensions -fno-rtti -fno-exceptions -march=i386    -D__GTHREAD_HIDE_WIN32API -D_LARGEFILE_SOURCE=1 -D_LARGEFILE64_SOURCE=1 -D_FILE_OFFSET_BITS=64      conftest.c >&5
configure:3512: $? = 0
configure:3515: test -s conftest.o
configure:3518: $? = 0
configure:3529: result: yes
configure:3492: checking for stdint.h
configure:3509: gcc -c  -Wall -O3 -mms-bitfields -fms-extensions -fno-rtti -fno-exceptions -march=i386    -D__GTHREAD_HIDE_WIN32API -D_LARGEFILE_SOURCE=1 -D_LARGEFILE64_SOURCE=1 -D_FILE_OFFSET_BITS=64      conftest.c >&5
configure:3512: $? = 0
configure:3515: test -s conftest.o
configure:3518: $? = 0
configure:3529: result: yes
configure:3492: checking for unistd.h
configure:3509: gcc -c  -Wall -O3 -mms-bitfields -fms-extensions -fno-rtti -fno-exceptions -march=i386    -D__GTHREAD_HIDE_WIN32API -D_LARGEFILE_SOURCE=1 -D_LARGEFILE64_SOURCE=1 -D_FILE_OFFSET_BITS=64      conftest.c >&5
configure:3512: $? = 0
configure:3515: test -s conftest.o
configure:3518: $? = 0
configure:3529: result: yes
configure:3555: checking dlfcn.h usability
configure:3568: gcc -c  -Wall -O3 -mms-bitfields -fms-extensions -fno-rtti -fno-exceptions -march=i386    -D__GTHREAD_HIDE_WIN32API -D_LARGEFILE_SOURCE=1 -D_LARGEFILE64_SOURCE=1 -D_FILE_OFFSET_BITS=64      conftest.c >&5
configure:3609:19: dlfcn.h: No such file or directory
configure:3571: $? = 1
configure: failed program was:
| #line 3557 "configure"
| /* confdefs.h.  */
| 
| #define PACKAGE_NAME ""
| #define PACKAGE_TARNAME ""
| #define PACKAGE_VERSION ""
| #define PACKAGE_STRING ""
| #define PACKAGE_BUGREPORT ""
| #define STDC_HEADERS 1
| #define HAVE_SYS_TYPES_H 1
| #define HAVE_SYS_STAT_H 1
| #define HAVE_STDLIB_H 1
| #define HAVE_STRING_H 1
| #define HAVE_MEMORY_H 1
| #define HAVE_STRINGS_H 1
| #define HAVE_INTTYPES_H 1
| #define HAVE_STDINT_H 1
| #define HAVE_UNISTD_H 1
| /* end confdefs.h.  */
| #include <stdio.h>
| #if HAVE_SYS_TYPES_H
| # include <sys/types.h>
| #endif
| #if HAVE_SYS_STAT_H
| # include <sys/stat.h>
| #endif
| #if STDC_HEADERS
| # include <stdlib.h>
| # include <stddef.h>
| #else
| # if HAVE_STDLIB_H
| #  include <stdlib.h>
| # endif
| #endif
| #if HAVE_STRING_H
| # if !STDC_HEADERS && HAVE_MEMORY_H
| #  include <memory.h>
| # endif
| # include <string.h>
| #endif
| #if HAVE_STRINGS_H
| # include <strings.h>
| #endif
| #if HAVE_INTTYPES_H
| # include <inttypes.h>
| #else
| # if HAVE_STDINT_H
| #  include <stdint.h>
| # endif
| #endif
| #if HAVE_UNISTD_H
| # include <unistd.h>
| #endif
| #include <dlfcn.h>
configure:3587: result: no
configure:3591: checking dlfcn.h presence
configure:3602: gcc -E   -D__GTHREAD_HIDE_WIN32API -D_LARGEFILE_SOURCE=1 -D_LARGEFILE64_SOURCE=1 -D_FILE_OFFSET_BITS=64      conftest.c
configure:3611:19: dlfcn.h: No such file or directory
configure:3608: $? = 1
configure: failed program was:
| #line 3593 "configure"
| /* confdefs.h.  */
| 
| #define PACKAGE_NAME ""
| #define PACKAGE_TARNAME ""
| #define PACKAGE_VERSION ""
| #define PACKAGE_STRING ""
| #define PACKAGE_BUGREPORT ""
| #define STDC_HEADERS 1
| #define HAVE_SYS_TYPES_H 1
| #define HAVE_SYS_STAT_H 1
| #define HAVE_STDLIB_H 1
| #define HAVE_STRING_H 1
| #define HAVE_MEMORY_H 1
| #define HAVE_STRINGS_H 1
| #define HAVE_INTTYPES_H 1
| #define HAVE_STDINT_H 1
| #define HAVE_UNISTD_H 1
| /* end confdefs.h.  */
| #include <dlfcn.h>
configure:3627: result: no
configure:3663: checking for dlfcn.h
configure:3670: result: no
configure:3867: checking for ranlib
configure:3883: found /usr/bin/ranlib
configure:3894: result: ranlib
configure:3947: checking for strip
configure:3963: found /cygdrive/h/mingw/bin/strip
configure:3974: result: strip
configure:4179: checking for objdir
configure:4190: result: .libs
configure:4211: checking for gcc option to produce PIC
configure:4361: result: -DDLL_EXPORT
configure:4365: checking if gcc PIC flag -DDLL_EXPORT works
configure:4389: gcc -c  -Wall -O3 -mms-bitfields -fms-extensions -fno-rtti -fno-exceptions -march=i386  -DDLL_EXPORT -DPIC   -D__GTHREAD_HIDE_WIN32API -D_LARGEFILE_SOURCE=1 -D_LARGEFILE64_SOURCE=1 -D_FILE_OFFSET_BITS=64      conftest.c >&5
configure:4392: $? = 0
configure:4395: test -s conftest.o
configure:4398: $? = 0
configure:4436: result: yes
configure:4456: checking if gcc static flag -static works
configure:4481: gcc -o conftest.exe  -Wall -O3 -mms-bitfields -fms-extensions -fno-rtti -fno-exceptions -march=i386    -D__GTHREAD_HIDE_WIN32API -D_LARGEFILE_SOURCE=1 -D_LARGEFILE64_SOURCE=1 -D_FILE_OFFSET_BITS=64       -Wl,-s -Wl,--enable-auto-import  -static conftest.c  -Wl,-s -lgw32c -lintl -liconv -lwsock32 -lole32 -luuid  >&5
configure:4484: $? = 0
configure:4487: test -s conftest.exe
configure:4490: $? = 0
configure:4506: result: yes
configure:4522: checking if gcc supports -c -o file.o
configure:4552: gcc -c  -Wall -O3 -mms-bitfields -fms-extensions -fno-rtti -fno-exceptions -march=i386  -o out/conftest2.o   -D__GTHREAD_HIDE_WIN32API -D_LARGEFILE_SOURCE=1 -D_LARGEFILE64_SOURCE=1 -D_FILE_OFFSET_BITS=64      conftest.c >&5
configure:4566: result: yes
configure:4571: checking if gcc supports -c -o file.lo
configure:4597: gcc -c  -Wall -O3 -mms-bitfields -fms-extensions -fno-rtti -fno-exceptions -march=i386  -c -o conftest.lo   -D__GTHREAD_HIDE_WIN32API -D_LARGEFILE_SOURCE=1 -D_LARGEFILE64_SOURCE=1 -D_FILE_OFFSET_BITS=64      conftest.c >&5
configure: In function `main':
configure:4602: warning: unused variable `some_variable'
configure:4600: $? = 0
configure:4603: test -s conftest.o
configure:4606: $? = 1
configure: failed program was:
| #line 4580 "configure"
| /* confdefs.h.  */
| 
| #define PACKAGE_NAME ""
| #define PACKAGE_TARNAME ""
| #define PACKAGE_VERSION ""
| #define PACKAGE_STRING ""
| #define PACKAGE_BUGREPORT ""
| #define STDC_HEADERS 1
| #define HAVE_SYS_TYPES_H 1
| #define HAVE_SYS_STAT_H 1
| #define HAVE_STDLIB_H 1
| #define HAVE_STRING_H 1
| #define HAVE_MEMORY_H 1
| #define HAVE_STRINGS_H 1
| #define HAVE_INTTYPES_H 1
| #define HAVE_STDINT_H 1
| #define HAVE_UNISTD_H 1
| /* end confdefs.h.  */
| 
| int
| main ()
| {
| int some_variable = 0;
|   ;
|   return 0;
| }
configure:4627: result: 
configure:4666: checking if gcc supports -fno-rtti -fno-exceptions
configure:4689: gcc -c  -Wall -O3 -mms-bitfields -fms-extensions -fno-rtti -fno-exceptions -march=i386  -fno-rtti -fno-exceptions -c conftest.c   -D__GTHREAD_HIDE_WIN32API -D_LARGEFILE_SOURCE=1 -D_LARGEFILE64_SOURCE=1 -D_FILE_OFFSET_BITS=64      conftest.c >&5
configure: In function `main':
configure:4694: warning: unused variable `some_variable'
configure: In function `main':
configure:4694: warning: unused variable `some_variable'
configure:4692: $? = 0
configure:4695: test -s conftest.o
configure:4698: $? = 0
configure:4715: result: yes
configure:4730: checking whether the linker (ld) supports shared libraries
configure:5352: result: yes
configure:5361: checking how to hardcode library paths into programs
configure:5385: result: immediate
configure:5394: checking whether stripping libraries is possible
configure:5399: result: yes
configure:5414: checking dynamic linker characteristics
configure:5796: result: Win32 ld.exe
configure:5805: checking if libtool supports shared libraries
configure:5807: result: yes
configure:7046: checking for ANSI C header files
configure:7193: result: yes
configure:7217: checking limits.h usability
configure:7230: gcc -c  -Wall -O3 -mms-bitfields -fms-extensions -fno-rtti -fno-exceptions -march=i386    -D__GTHREAD_HIDE_WIN32API -D_LARGEFILE_SOURCE=1 -D_LARGEFILE64_SOURCE=1 -D_FILE_OFFSET_BITS=64      conftest.c >&5
configure:7233: $? = 0
configure:7236: test -s conftest.o
configure:7239: $? = 0
configure:7249: result: yes
configure:7253: checking limits.h presence
configure:7264: gcc -E   -D__GTHREAD_HIDE_WIN32API -D_LARGEFILE_SOURCE=1 -D_LARGEFILE64_SOURCE=1 -D_FILE_OFFSET_BITS=64      conftest.c
configure:7270: $? = 0
configure:7289: result: yes
configure:7325: checking for limits.h
configure:7332: result: yes
configure:7347: checking for an ANSI C-conforming const
configure:7415: gcc -c  -Wall -O3 -mms-bitfields -fms-extensions -fno-rtti -fno-exceptions -march=i386    -D__GTHREAD_HIDE_WIN32API -D_LARGEFILE_SOURCE=1 -D_LARGEFILE64_SOURCE=1 -D_FILE_OFFSET_BITS=64      conftest.c >&5
configure: In function `main':
configure:7399: warning: unused variable `s'
configure:7419: warning: unused variable `foo'
configure:7380: warning: unused variable `x'
configure:7386: warning: unused variable `zero'
configure:7398: warning: `t' might be used uninitialized in this function
configure:7416: warning: `b' might be used uninitialized in this function
configure:7418: $? = 0
configure:7421: test -s conftest.o
configure:7424: $? = 0
configure:7435: result: yes
configure:7445: checking for size_t
configure:7470: gcc -c  -Wall -O3 -mms-bitfields -fms-extensions -fno-rtti -fno-exceptions -march=i386    -D__GTHREAD_HIDE_WIN32API -D_LARGEFILE_SOURCE=1 -D_LARGEFILE64_SOURCE=1 -D_FILE_OFFSET_BITS=64      conftest.c >&5
configure:7473: $? = 0
configure:7476: test -s conftest.o
configure:7479: $? = 0
configure:7490: result: yes
configure:7510: checking for bcopy
configure:7560: gcc -o conftest.exe  -Wall -O3 -mms-bitfields -fms-extensions -fno-rtti -fno-exceptions -march=i386    -D__GTHREAD_HIDE_WIN32API -D_LARGEFILE_SOURCE=1 -D_LARGEFILE64_SOURCE=1 -D_FILE_OFFSET_BITS=64       -Wl,-s -Wl,--enable-auto-import  conftest.c  -Wl,-s -lgw32c -lintl -liconv -lwsock32 -lole32 -luuid  >&5
m:\temp/ccSSbaaa.o(.text+0x1d):conftest.c: undefined reference to `bcopy'
m:\temp/ccSSbaaa.o(.data+0x0):conftest.c: undefined reference to `bcopy'
configure:7563: $? = 1
configure: failed program was:
| #line 7515 "configure"
| /* confdefs.h.  */
| 
| #define PACKAGE_NAME ""
| #define PACKAGE_TARNAME ""
| #define PACKAGE_VERSION ""
| #define PACKAGE_STRING ""
| #define PACKAGE_BUGREPORT ""
| #define STDC_HEADERS 1
| #define HAVE_SYS_TYPES_H 1
| #define HAVE_SYS_STAT_H 1
| #define HAVE_STDLIB_H 1
| #define HAVE_STRING_H 1
| #define HAVE_MEMORY_H 1
| #define HAVE_STRINGS_H 1
| #define HAVE_INTTYPES_H 1
| #define HAVE_STDINT_H 1
| #define HAVE_UNISTD_H 1
| #define STDC_HEADERS 1
| #define HAVE_LIMITS_H 1
| /* end confdefs.h.  */
| /* System header to define __stub macros and hopefully few prototypes,
|     which can conflict with char bcopy (); below.
|     Prefer <limits.h> to <assert.h> if __STDC__ is defined, since
|     <limits.h> exists even on freestanding compilers.  */
| #ifdef __STDC__
| # include <limits.h>
| #else
| # include <assert.h>
| #endif
| /* Override any gcc2 internal prototype to avoid an error.  */
| #ifdef __cplusplus
| extern "C"
| {
| #endif
| /* We use char because int might match the return type of a gcc2
|    builtin and then its argument prototype would still apply.  */
| char bcopy ();
| /* The GNU C library defines this for functions which it implements
|     to always fail with ENOSYS.  Some functions are actually named
|     something starting with __ and the normal name is an alias.  */
| #if defined (__stub_bcopy) || defined (__stub___bcopy)
| choke me
| #else
| char (*f) () = bcopy;
| #endif
| #ifdef __cplusplus
| }
| #endif
| 
| int
| main ()
| {
| return f != bcopy;
|   ;
|   return 0;
| }
configure:7580: result: no
configure:7510: checking for memmove
configure:7560: gcc -o conftest.exe  -Wall -O3 -mms-bitfields -fms-extensions -fno-rtti -fno-exceptions -march=i386    -D__GTHREAD_HIDE_WIN32API -D_LARGEFILE_SOURCE=1 -D_LARGEFILE64_SOURCE=1 -D_FILE_OFFSET_BITS=64       -Wl,-s -Wl,--enable-auto-import  conftest.c  -Wl,-s -lgw32c -lintl -liconv -lwsock32 -lole32 -luuid  >&5
configure:7563: $? = 0
configure:7566: test -s conftest.exe
configure:7569: $? = 0
configure:7580: result: yes
configure:7510: checking for strerror
configure:7560: gcc -o conftest.exe  -Wall -O3 -mms-bitfields -fms-extensions -fno-rtti -fno-exceptions -march=i386    -D__GTHREAD_HIDE_WIN32API -D_LARGEFILE_SOURCE=1 -D_LARGEFILE64_SOURCE=1 -D_FILE_OFFSET_BITS=64       -Wl,-s -Wl,--enable-auto-import  conftest.c  -Wl,-s -lgw32c -lintl -liconv -lwsock32 -lole32 -luuid  >&5
configure:7563: $? = 0
configure:7566: test -s conftest.exe
configure:7569: $? = 0
configure:7580: result: yes
configure:7802: creating ./config.status

## ---------------------- ##
## Running config.status. ##
## ---------------------- ##

This file was extended by config.status, which was
generated by GNU Autoconf 2.57.  Invocation command line was

  CONFIG_FILES    = 
  CONFIG_HEADERS  = 
  CONFIG_LINKS    = 
  CONFIG_COMMANDS = 
  $ ./config.status 

on gamma

config.status:662: creating Makefile
config.status:662: creating pcre.h
config.status:662: creating pcre-config
config.status:662: creating RunTest
config.status:766: creating config.h
config.status:975: executing default commands

## ---------------- ##
## Cache variables. ##
## ---------------- ##

ac_cv_build=i386-pc-mingw32
ac_cv_build_alias=i386-pc-mingw32
ac_cv_c_compiler_gnu=yes
ac_cv_c_const=yes
ac_cv_env_CC_set=
ac_cv_env_CC_value=
ac_cv_env_CFLAGS_set=
ac_cv_env_CFLAGS_value=
ac_cv_env_CPPFLAGS_set=
ac_cv_env_CPPFLAGS_value=
ac_cv_env_CPP_set=
ac_cv_env_CPP_value=
ac_cv_env_LDFLAGS_set=
ac_cv_env_LDFLAGS_value=
ac_cv_env_build_alias_set=
ac_cv_env_build_alias_value=
ac_cv_env_host_alias_set=
ac_cv_env_host_alias_value=
ac_cv_env_target_alias_set=
ac_cv_env_target_alias_value=
ac_cv_exeext=.exe
ac_cv_func_bcopy=no
ac_cv_func_connect=yes
ac_cv_func_fork=no
ac_cv_func_ftruncate=yes
ac_cv_func_gethostbyaddr=yes
ac_cv_func_gethostbyname=yes
ac_cv_func_gethostname=yes
ac_cv_func_inet_ntoa=yes
ac_cv_func_memmove=yes
ac_cv_func_mkstemp=yes
ac_cv_func_strerror=yes
ac_cv_func_vfork=no
ac_cv_header_dlfcn_h=no
ac_cv_header_inttypes_h=yes
ac_cv_header_limits_h=yes
ac_cv_header_memory_h=yes
ac_cv_header_stdc=yes
ac_cv_header_stdint_h=yes
ac_cv_header_stdlib_h=yes
ac_cv_header_string_h=yes
ac_cv_header_strings_h=yes
ac_cv_header_sys_stat_h=yes
ac_cv_header_sys_types_h=yes
ac_cv_header_unistd_h=yes
ac_cv_host=i386-pc-mingw32
ac_cv_host_alias=i386-pc-mingw32
ac_cv_objext=o
ac_cv_prog_CPP='gcc -E'
ac_cv_prog_LN_S='cp -fp'
ac_cv_prog_ac_ct_CC=gcc
ac_cv_prog_ac_ct_RANLIB=ranlib
ac_cv_prog_ac_ct_STRIP=strip
ac_cv_prog_cc_g=yes
ac_cv_prog_cc_stdc=
ac_cv_prog_egrep='grep -E'
ac_cv_type_size_t=yes
cl_cv_prog_LN='cp -fp'
cl_cv_prog_LN_S='cp -fp'
lt_cv_compiler_c_o=yes
lt_cv_compiler_o_lo=no
lt_cv_deplibs_check_method='file_magic file format pei*-i386(.*architecture: i386)?'
lt_cv_file_magic_cmd='$OBJDUMP -f'
lt_cv_file_magic_test_file=
lt_cv_global_symbol_to_cdecl='sed -n -e '\''s/^. .* \(.*\)$/extern char \1;/p'\'''
lt_cv_ld_reload_flag=-r
lt_cv_path_LD=ld
lt_cv_path_NM=nm
lt_cv_prog_cc_can_build_shared=yes
lt_cv_prog_cc_no_builtin=
lt_cv_prog_cc_pic=' -DDLL_EXPORT'
lt_cv_prog_cc_pic_works=yes
lt_cv_prog_cc_shlib=
lt_cv_prog_cc_static=-static
lt_cv_prog_cc_static_works=yes
lt_cv_prog_cc_wl=-Wl,
lt_cv_prog_gnu_ld=yes
lt_cv_sys_global_symbol_pipe='sed -n -e '\''s/^.*[     ]\([ABCDGISTW][ABCDGISTW]*\)[     ][     ]*\(_\)\([_A-Za-z][_A-Za-z0-9]*\)\{0,1\}$/\1 \2\3 \3/p'\'''
nls_cv_use_gnu_gettext=yes

## ----------------- ##
## Output variables. ##
## ----------------- ##

BUILD_EXEEXT='$(EXEEXT)'
BUILD_OBJEXT='$(OBJEXT)'
CC='gcc'
CC_FOR_BUILD='$(CC)'
CFLAGS=' -Wall -O3 -mms-bitfields -fms-extensions -fno-rtti -fno-exceptions -march=i386 '
CFLAGS_FOR_BUILD='$(CFLAGS)'
CPP='gcc -E'
CPPFLAGS='  -D__GTHREAD_HIDE_WIN32API -D_LARGEFILE_SOURCE=1 -D_LARGEFILE64_SOURCE=1 -D_FILE_OFFSET_BITS=64     '
DEFS='-DHAVE_CONFIG_H'
ECHO='echo'
ECHO_C=''
ECHO_N='-n'
ECHO_T=''
EGREP='grep -E'
EXEEXT='.exe'
HAVE_MEMMOVE=''
HAVE_STRERROR=''
INSTALL_DATA='/bin/install.exe -cp'
INSTALL_PROGRAM='/bin/install.exe -cpD'
INSTALL_SCRIPT='${INSTALL}'
LDFLAGS=' -Wl,-s -Wl,--enable-auto-import '
LIBOBJS=''
LIBS=' -Wl,-s -lgw32c -lintl -liconv -lwsock32 -lole32 -luuid '
LIBTOOL='$(SHELL) $(top_builddir)/libtool'
LINK_SIZE=''
LN_S='ln -s'
LTLIBOBJS=''
MATCH_LIMIT=''
NEWLINE=''
NOT_ON_WINDOWS='#'
OBJEXT='o'
ON_WINDOWS=''
PACKAGE_BUGREPORT=''
PACKAGE_NAME=''
PACKAGE_STRING=''
PACKAGE_TARNAME=''
PACKAGE_VERSION=''
PATH_SEPARATOR=':'
PCRE_DATE='21-August-2003'
PCRE_LIB_VERSION='0:1:0'
PCRE_MAJOR='4'
PCRE_MINOR='4'
PCRE_POSIXLIB_VERSION='0:0:0'
PCRE_VERSION='4.4'
POSIX_LIB=''
POSIX_LOBJ='pcreposix.lo'
POSIX_MALLOC_THRESHOLD='-DPOSIX_MALLOC_THRESHOLD=10'
POSIX_OBJ='pcreposix.o'
RANLIB='ranlib'
SHELL='/bin/sh'
STRIP='strip'
UTF8='-DSUPPORT_UTF8'
WIN_PREFIX=''
ac_ct_CC='gcc'
ac_ct_RANLIB='ranlib'
ac_ct_STRIP='strip'
bindir='${exec_prefix}/bin'
build='i386-pc-mingw32'
build_alias='i386-pc-mingw32'
build_cpu='i386'
build_os='mingw32'
build_vendor='pc'
datadir='${prefix}/share'
exec_prefix='${prefix}'
host='i386-pc-mingw32'
host_alias='i386-pc-mingw32'
host_cpu='i386'
host_os='mingw32'
host_vendor='pc'
includedir='${prefix}/include'
infodir='${prefix}/info'
libdir='${exec_prefix}/lib'
libexecdir='${exec_prefix}/libexec'
localstatedir='${prefix}/var'
mandir='${prefix}/man'
oldincludedir='/usr/include'
prefix='c:/progra~1/Pcre'
program_transform_name='s,x,x,'
sbindir='${exec_prefix}/sbin'
sharedstatedir='${prefix}/com'
sysconfdir='${prefix}/etc'
target_alias='i386-pc-mingw32'

## ----------- ##
## confdefs.h. ##
## ----------- ##

#define HAVE_INTTYPES_H 1
#define HAVE_LIMITS_H 1
#define HAVE_MEMMOVE 1
#define HAVE_MEMORY_H 1
#define HAVE_STDINT_H 1
#define HAVE_STDLIB_H 1
#define HAVE_STRERROR 1
#define HAVE_STRINGS_H 1
#define HAVE_STRING_H 1
#define HAVE_SYS_STAT_H 1
#define HAVE_SYS_TYPES_H 1
#define HAVE_UNISTD_H 1
#define PACKAGE_BUGREPORT ""
#define PACKAGE_NAME ""
#define PACKAGE_STRING ""
#define PACKAGE_TARNAME ""
#define PACKAGE_VERSION ""
#define STDC_HEADERS 1
#define STDC_HEADERS 1

configure: exit 0
